File not found: /usr/local/lib/code-server-4.16.1/lib/vscode/out/vsda_bg.wasm
File not found: /usr/local/lib/code-server-4.16.1/lib/vscode/out/vsda.js
[07:23:04] Using the in-memory credential store as the operating system's credential store could not be accessed. Please see https://aka.ms/vscode-server-keyring on how to set this up. Details: Address element “/dev/null” does not contain a colon (:)
File not found: /usr/local/lib/code-server-4.16.1/lib/vscode/out/vsda_bg.wasm
[07:29:27] Using the in-memory credential store as the operating system's credential store could not be accessed. Please see https://aka.ms/vscode-server-keyring on how to set this up. Details: Address element “/dev/null” does not contain a colon (:)
File not found: /usr/local/lib/code-server-4.16.1/lib/vscode/out/vsda.js
File not found: /usr/local/lib/code-server-4.16.1/lib/vscode/out/vsda_bg.wasm
File not found: /usr/local/lib/code-server-4.16.1/lib/vscode/out/vsda_bg.wasm
[07:41:29] Using the in-memory credential store as the operating system's credential store could not be accessed. Please see https://aka.ms/vscode-server-keyring on how to set this up. Details: Address element “/dev/null” does not contain a colon (:)
File not found: /usr/local/lib/code-server-4.16.1/lib/vscode/node_modules/vscode-regexp-languagedetection/dist/index.js
File not found: /usr/local/lib/code-server-4.16.1/lib/vscode/out/vsda_bg.wasm
[08:49:38] Using the in-memory credential store as the operating system's credential store could not be accessed. Please see https://aka.ms/vscode-server-keyring on how to set this up. Details: Address element “/dev/null” does not contain a colon (:)
File not found: /usr/local/lib/code-server-4.16.1/lib/vscode/out/vsda_bg.wasm
File not found: /usr/local/lib/code-server-4.16.1/lib/vscode/out/vsda_bg.wasm
[09:02:46] Using the in-memory credential store as the operating system's credential store could not be accessed. Please see https://aka.ms/vscode-server-keyring on how to set this up. Details: Address element “/dev/null” does not contain a colon (:)
File not found: /usr/local/lib/code-server-4.16.1/lib/vscode/out/vsda_bg.wasm
File not found: /usr/local/lib/code-server-4.16.1/lib/vscode/out/vsda.js
File not found: /usr/local/lib/code-server-4.16.1/lib/vscode/out/vsda_bg.wasm
[09:10:59] RequestStore#acceptReply was called without receiving a matching request 45
[09:10:59] RequestStore#acceptReply was called without receiving a matching request 46
[09:10:59] RequestStore#acceptReply was called without receiving a matching request 47
[09:10:59] RequestStore#acceptReply was called without receiving a matching request 48
[09:10:59] RequestStore#acceptReply was called without receiving a matching request 49
[09:10:59] RequestStore#acceptReply was called without receiving a matching request 50
[09:10:59] RequestStore#acceptReply was called without receiving a matching request 51
[09:10:59] RequestStore#acceptReply was called without receiving a matching request 52
[09:10:59] RequestStore#acceptReply was called without receiving a matching request 53
[09:10:59] RequestStore#acceptReply was called without receiving a matching request 54
[09:10:59] RequestStore#acceptReply was called without receiving a matching request 55
[09:11:00] RequestStore#acceptReply was called without receiving a matching request 56
[09:11:00] RequestStore#acceptReply was called without receiving a matching request 57
[09:11:00] RequestStore#acceptReply was called without receiving a matching request 58
[09:11:00] RequestStore#acceptReply was called without receiving a matching request 59
[09:11:00] RequestStore#acceptReply was called without receiving a matching request 60
[09:11:00] RequestStore#acceptReply was called without receiving a matching request 61
[09:11:00] RequestStore#acceptReply was called without receiving a matching request 62
[09:11:00] RequestStore#acceptReply was called without receiving a matching request 63
[09:11:00] RequestStore#acceptReply was called without receiving a matching request 64
[09:11:00] RequestStore#acceptReply was called without receiving a matching request 65
[09:11:00] RequestStore#acceptReply was called without receiving a matching request 66
[09:11:01] RequestStore#acceptReply was called without receiving a matching request 67
[09:11:01] RequestStore#acceptReply was called without receiving a matching request 68
[09:11:01] RequestStore#acceptReply was called without receiving a matching request 69
[09:11:01] RequestStore#acceptReply was called without receiving a matching request 70
[09:11:01] RequestStore#acceptReply was called without receiving a matching request 71
[09:11:01] RequestStore#acceptReply was called without receiving a matching request 72
[09:11:01] RequestStore#acceptReply was called without receiving a matching request 73
[09:11:01] RequestStore#acceptReply was called without receiving a matching request 74
[09:11:01] RequestStore#acceptReply was called without receiving a matching request 75
[09:11:01] RequestStore#acceptReply was called without receiving a matching request 76
[09:11:01] RequestStore#acceptReply was called without receiving a matching request 77
File not found: /usr/local/lib/code-server-4.16.1/lib/vscode/out/vsda_bg.wasm
File not found: /usr/local/lib/code-server-4.16.1/lib/vscode/node_modules/vscode-regexp-languagedetection/dist/index.js
File not found: /usr/local/lib/code-server-4.16.1/lib/vscode/out/vsda_bg.wasm
File not found: /usr/local/lib/code-server-4.16.1/lib/vscode/out/vsda.js
[09:37:19] RequestStore#acceptReply was called without receiving a matching request 122
[09:37:19] RequestStore#acceptReply was called without receiving a matching request 123
[09:37:19] RequestStore#acceptReply was called without receiving a matching request 124
[09:37:19] RequestStore#acceptReply was called without receiving a matching request 125
[09:37:19] RequestStore#acceptReply was called without receiving a matching request 126
[09:37:19] RequestStore#acceptReply was called without receiving a matching request 127
[09:37:19] RequestStore#acceptReply was called without receiving a matching request 128
[09:37:19] RequestStore#acceptReply was called without receiving a matching request 129
[09:37:19] RequestStore#acceptReply was called without receiving a matching request 130
[09:37:19] RequestStore#acceptReply was called without receiving a matching request 131
[09:37:19] RequestStore#acceptReply was called without receiving a matching request 132
[09:37:19] RequestStore#acceptReply was called without receiving a matching request 133
[09:37:19] RequestStore#acceptReply was called without receiving a matching request 134
[09:37:19] RequestStore#acceptReply was called without receiving a matching request 135
[09:37:19] RequestStore#acceptReply was called without receiving a matching request 136
[09:37:19] RequestStore#acceptReply was called without receiving a matching request 137
[09:37:19] RequestStore#acceptReply was called without receiving a matching request 138
[09:37:19] RequestStore#acceptReply was called without receiving a matching request 139
[09:37:19] RequestStore#acceptReply was called without receiving a matching request 140
[09:37:19] RequestStore#acceptReply was called without receiving a matching request 141
[09:37:19] RequestStore#acceptReply was called without receiving a matching request 142
[09:37:19] RequestStore#acceptReply was called without receiving a matching request 143
[09:49:19] RequestStore#acceptReply was called without receiving a matching request 144
[09:49:19] RequestStore#acceptReply was called without receiving a matching request 145
[09:49:19] RequestStore#acceptReply was called without receiving a matching request 146
[09:49:19] RequestStore#acceptReply was called without receiving a matching request 147
[09:49:19] RequestStore#acceptReply was called without receiving a matching request 148
[09:49:19] RequestStore#acceptReply was called without receiving a matching request 149
[09:49:19] RequestStore#acceptReply was called without receiving a matching request 150
[09:49:19] RequestStore#acceptReply was called without receiving a matching request 151
[09:49:19] RequestStore#acceptReply was called without receiving a matching request 152
[09:49:19] RequestStore#acceptReply was called without receiving a matching request 153
[09:49:19] RequestStore#acceptReply was called without receiving a matching request 154
File not found: /usr/local/lib/code-server-4.16.1/lib/vscode/out/vsda_bg.wasm
File not found: /usr/local/lib/code-server-4.16.1/lib/vscode/out/vsda.js
[09:52:19] RequestStore#acceptReply was called without receiving a matching request 155
[09:52:19] RequestStore#acceptReply was called without receiving a matching request 156
[09:52:19] RequestStore#acceptReply was called without receiving a matching request 157
[09:52:19] RequestStore#acceptReply was called without receiving a matching request 158
[09:52:19] RequestStore#acceptReply was called without receiving a matching request 159
[09:52:19] RequestStore#acceptReply was called without receiving a matching request 160
[09:52:19] RequestStore#acceptReply was called without receiving a matching request 161
[09:52:19] RequestStore#acceptReply was called without receiving a matching request 162
[09:52:19] RequestStore#acceptReply was called without receiving a matching request 163
[09:52:19] RequestStore#acceptReply was called without receiving a matching request 164
[09:52:19] RequestStore#acceptReply was called without receiving a matching request 165
[09:52:19] RequestStore#acceptReply was called without receiving a matching request 166
[09:52:19] RequestStore#acceptReply was called without receiving a matching request 167
[09:52:19] RequestStore#acceptReply was called without receiving a matching request 168
[09:52:19] RequestStore#acceptReply was called without receiving a matching request 169
[09:52:19] RequestStore#acceptReply was called without receiving a matching request 170
[09:52:19] RequestStore#acceptReply was called without receiving a matching request 171
[09:52:19] RequestStore#acceptReply was called without receiving a matching request 172
[09:52:19] RequestStore#acceptReply was called without receiving a matching request 173
[09:52:19] RequestStore#acceptReply was called without receiving a matching request 174
[09:52:19] RequestStore#acceptReply was called without receiving a matching request 175
[09:52:19] RequestStore#acceptReply was called without receiving a matching request 176
[09:52:19] RequestStore#acceptReply was called without receiving a matching request 177
[09:52:19] RequestStore#acceptReply was called without receiving a matching request 178
[09:52:19] RequestStore#acceptReply was called without receiving a matching request 179
[09:52:19] RequestStore#acceptReply was called without receiving a matching request 180
[09:52:19] RequestStore#acceptReply was called without receiving a matching request 181
[09:52:19] RequestStore#acceptReply was called without receiving a matching request 182
[09:52:19] RequestStore#acceptReply was called without receiving a matching request 183
[09:52:19] RequestStore#acceptReply was called without receiving a matching request 184
[09:52:19] RequestStore#acceptReply was called without receiving a matching request 185
[09:52:19] RequestStore#acceptReply was called without receiving a matching request 186
[09:52:19] RequestStore#acceptReply was called without receiving a matching request 187
[09:52:19] RequestStore#acceptReply was called without receiving a matching request 188
[09:52:19] RequestStore#acceptReply was called without receiving a matching request 189
[09:52:19] RequestStore#acceptReply was called without receiving a matching request 190
[09:52:19] RequestStore#acceptReply was called without receiving a matching request 191
[09:52:19] RequestStore#acceptReply was called without receiving a matching request 192
[09:52:19] RequestStore#acceptReply was called without receiving a matching request 193
[09:52:19] RequestStore#acceptReply was called without receiving a matching request 194
[09:52:19] RequestStore#acceptReply was called without receiving a matching request 195
[09:52:19] RequestStore#acceptReply was called without receiving a matching request 196
[09:52:19] RequestStore#acceptReply was called without receiving a matching request 197
[09:52:19] RequestStore#acceptReply was called without receiving a matching request 198
File not found: /usr/local/lib/code-server-4.16.1/lib/vscode/out/vsda_bg.wasm
[12:46:20] RequestStore#acceptReply was called without receiving a matching request 210
[12:46:20] RequestStore#acceptReply was called without receiving a matching request 211
[12:46:20] RequestStore#acceptReply was called without receiving a matching request 212
[12:46:20] RequestStore#acceptReply was called without receiving a matching request 213
[12:46:20] RequestStore#acceptReply was called without receiving a matching request 214
[12:46:20] RequestStore#acceptReply was called without receiving a matching request 215
[12:46:20] RequestStore#acceptReply was called without receiving a matching request 216
[12:46:20] RequestStore#acceptReply was called without receiving a matching request 217
[12:46:20] RequestStore#acceptReply was called without receiving a matching request 218
[12:46:20] RequestStore#acceptReply was called without receiving a matching request 219
[12:46:20] RequestStore#acceptReply was called without receiving a matching request 220
[12:46:20] RequestStore#acceptReply was called without receiving a matching request 221
[12:46:20] RequestStore#acceptReply was called without receiving a matching request 222
[12:46:20] RequestStore#acceptReply was called without receiving a matching request 223
[12:46:20] RequestStore#acceptReply was called without receiving a matching request 224
[12:46:20] RequestStore#acceptReply was called without receiving a matching request 225
[12:46:20] RequestStore#acceptReply was called without receiving a matching request 226
[12:46:20] RequestStore#acceptReply was called without receiving a matching request 227
[12:46:20] RequestStore#acceptReply was called without receiving a matching request 228
[12:46:20] RequestStore#acceptReply was called without receiving a matching request 229
[12:46:20] RequestStore#acceptReply was called without receiving a matching request 230
[12:46:20] RequestStore#acceptReply was called without receiving a matching request 231
[node.js fs] readdir with filetypes failed with error:  [Error: EACCES: permission denied, scandir '/voc/startercode/.voc'] {
  errno: -13,
  code: 'EACCES',
  syscall: 'scandir',
  path: '/voc/startercode/.voc'
}
[12:48:20] RequestStore#acceptReply was called without receiving a matching request 232
[12:48:20] RequestStore#acceptReply was called without receiving a matching request 233
[12:48:20] RequestStore#acceptReply was called without receiving a matching request 234
[12:48:20] RequestStore#acceptReply was called without receiving a matching request 235
[12:48:20] RequestStore#acceptReply was called without receiving a matching request 236
[12:48:20] RequestStore#acceptReply was called without receiving a matching request 237
[12:48:20] RequestStore#acceptReply was called without receiving a matching request 238
[12:48:20] RequestStore#acceptReply was called without receiving a matching request 239
[12:48:20] RequestStore#acceptReply was called without receiving a matching request 240
[12:48:20] RequestStore#acceptReply was called without receiving a matching request 241
[12:48:20] RequestStore#acceptReply was called without receiving a matching request 242
File not found: /usr/local/lib/code-server-4.16.1/lib/vscode/out/vsda_bg.wasm
File not found: /usr/local/lib/code-server-4.16.1/lib/vscode/out/vsda.js
File not found: /usr/local/lib/code-server-4.16.1/lib/vscode/out/vsda_bg.wasm
File not found: /usr/local/lib/code-server-4.16.1/lib/vscode/out/vsda.js
[13:03:07] Using the in-memory credential store as the operating system's credential store could not be accessed. Please see https://aka.ms/vscode-server-keyring on how to set this up. Details: Address element “/dev/null” does not contain a colon (:)
[13:05:20] RequestStore#acceptReply was called without receiving a matching request 12
[13:05:20] RequestStore#acceptReply was called without receiving a matching request 13
[13:05:20] RequestStore#acceptReply was called without receiving a matching request 14
[13:05:20] RequestStore#acceptReply was called without receiving a matching request 15
[13:05:20] RequestStore#acceptReply was called without receiving a matching request 16
[13:05:20] RequestStore#acceptReply was called without receiving a matching request 17
[13:05:20] RequestStore#acceptReply was called without receiving a matching request 18
[13:05:20] RequestStore#acceptReply was called without receiving a matching request 19
[13:05:20] RequestStore#acceptReply was called without receiving a matching request 20
[13:05:20] RequestStore#acceptReply was called without receiving a matching request 21
[13:05:20] RequestStore#acceptReply was called without receiving a matching request 22
[node.js fs] readdir with filetypes failed with error:  [Error: EACCES: permission denied, scandir '/voc/startercode/.voc'] {
  errno: -13,
  code: 'EACCES',
  syscall: 'scandir',
  path: '/voc/startercode/.voc'
}
[node.js fs] readdir with filetypes failed with error:  [Error: EACCES: permission denied, scandir '/voc/startercode/.voc'] {
  errno: -13,
  code: 'EACCES',
  syscall: 'scandir',
  path: '/voc/startercode/.voc'
}
[node.js fs] readdir with filetypes failed with error:  [Error: EACCES: permission denied, scandir '/voc/startercode/.voc'] {
  errno: -13,
  code: 'EACCES',
  syscall: 'scandir',
  path: '/voc/startercode/.voc'
}
[13:19:20] RequestStore#acceptReply was called without receiving a matching request 23
[13:19:20] RequestStore#acceptReply was called without receiving a matching request 24
[13:19:20] RequestStore#acceptReply was called without receiving a matching request 25
[13:19:20] RequestStore#acceptReply was called without receiving a matching request 26
[13:19:20] RequestStore#acceptReply was called without receiving a matching request 27
[13:19:20] RequestStore#acceptReply was called without receiving a matching request 28
[13:19:20] RequestStore#acceptReply was called without receiving a matching request 29
[13:19:20] RequestStore#acceptReply was called without receiving a matching request 30
[13:19:20] RequestStore#acceptReply was called without receiving a matching request 31
[13:19:20] RequestStore#acceptReply was called without receiving a matching request 32
[13:19:20] RequestStore#acceptReply was called without receiving a matching request 33
File not found: /usr/local/lib/code-server-4.16.1/lib/vscode/node_modules/vscode-regexp-languagedetection/dist/index.js
[13:41:20] RequestStore#acceptReply was called without receiving a matching request 34
[13:41:20] RequestStore#acceptReply was called without receiving a matching request 35
[13:41:20] RequestStore#acceptReply was called without receiving a matching request 36
[13:41:20] RequestStore#acceptReply was called without receiving a matching request 37
[13:41:20] RequestStore#acceptReply was called without receiving a matching request 38
[13:41:20] RequestStore#acceptReply was called without receiving a matching request 39
[13:41:20] RequestStore#acceptReply was called without receiving a matching request 40
[13:41:20] RequestStore#acceptReply was called without receiving a matching request 41
[13:41:20] RequestStore#acceptReply was called without receiving a matching request 42
[13:41:20] RequestStore#acceptReply was called without receiving a matching request 43
[13:41:20] RequestStore#acceptReply was called without receiving a matching request 44
File not found: /usr/local/lib/code-server-4.16.1/lib/vscode/out/vsda_bg.wasm
File not found: /usr/local/lib/code-server-4.16.1/lib/vscode/out/vsda.js
[18:06:40] Using the in-memory credential store as the operating system's credential store could not be accessed. Please see https://aka.ms/vscode-server-keyring on how to set this up. Details: Address element “/dev/null” does not contain a colon (:)
File not found: /usr/local/lib/code-server-4.16.1/lib/vscode/out/vsda_bg.wasm
File not found: /usr/local/lib/code-server-4.16.1/lib/vscode/out/vsda_bg.wasm
File not found: /usr/local/lib/code-server-4.16.1/lib/vscode/out/vsda.js
[06:49:23] Using the in-memory credential store as the operating system's credential store could not be accessed. Please see https://aka.ms/vscode-server-keyring on how to set this up. Details: Address element “/dev/null” does not contain a colon (:)
File not found: /usr/local/lib/code-server-4.16.1/lib/vscode/out/vsda_bg.wasm
File not found: /usr/local/lib/code-server-4.16.1/lib/vscode/out/vsda.js
