2024-12-04 07:23:10.025 [info] Log level: Info
2024-12-04 07:23:10.025 [info] Validating found git in: "git"
2024-12-04 07:23:10.025 [info] Using git "2.25.1" from "git"
2024-12-04 07:23:10.025 [info] > git rev-parse --show-toplevel [3ms]
2024-12-04 07:23:10.025 [info] fatal: not a git repository (or any of the parent directories): .git
2024-12-04 07:23:10.025 [info] > git rev-parse --show-toplevel [2ms]
2024-12-04 07:23:10.025 [info] fatal: not a git repository (or any of the parent directories): .git
2024-12-04 07:23:10.025 [info] > git rev-parse --show-toplevel [2ms]
2024-12-04 07:23:10.025 [info] fatal: not a git repository (or any parent up to mount point /voc)
Stopping at filesystem boundary (GIT_DISCOVERY_ACROSS_FILESYSTEM not set).
2024-12-04 07:23:10.025 [info] > git rev-parse --show-toplevel [2ms]
2024-12-04 07:23:10.025 [info] fatal: not a git repository (or any parent up to mount point /voc)
Stopping at filesystem boundary (GIT_DISCOVERY_ACROSS_FILESYSTEM not set).
2024-12-04 07:23:10.025 [info] > git rev-parse --show-toplevel [1ms]
2024-12-04 07:23:10.025 [info] fatal: not a git repository (or any parent up to mount point /voc)
Stopping at filesystem boundary (GIT_DISCOVERY_ACROSS_FILESYSTEM not set).
2024-12-04 07:23:10.025 [info] > git rev-parse --show-toplevel [7ms]
2024-12-04 07:23:10.025 [info] fatal: not a git repository (or any parent up to mount point /voc)
Stopping at filesystem boundary (GIT_DISCOVERY_ACROSS_FILESYSTEM not set).
2024-12-04 07:23:15.262 [info] > git rev-parse --show-toplevel [21ms]
2024-12-04 07:23:15.264 [info] fatal: not a git repository (or any parent up to mount point /voc)
Stopping at filesystem boundary (GIT_DISCOVERY_ACROSS_FILESYSTEM not set).
2024-12-04 07:25:01.023 [info] > git rev-parse --show-toplevel [12ms]
2024-12-04 07:25:01.025 [info] fatal: not a git repository (or any parent up to mount point /voc)
Stopping at filesystem boundary (GIT_DISCOVERY_ACROSS_FILESYSTEM not set).
2024-12-04 07:25:33.039 [info] > git rev-parse --show-toplevel [2ms]
2024-12-04 07:25:33.041 [info] fatal: not a git repository (or any of the parent directories): .git
2024-12-04 07:25:33.797 [info] > git rev-parse --show-toplevel [2ms]
2024-12-04 07:25:33.797 [info] fatal: not a git repository (or any parent up to mount point /voc)
Stopping at filesystem boundary (GIT_DISCOVERY_ACROSS_FILESYSTEM not set).
