2024-12-04 12:45:30.632 [info] Extension host with pid 24980 started
2024-12-04 12:45:30.633 [error] Error: EEXIST: file already exists, open '/voc/work/.local/share/code-server/User/workspaceStorage/674db09b/vscode.lock'
2024-12-04 12:45:30.646 [info] Lock '/voc/work/.local/share/code-server/User/workspaceStorage/674db09b/vscode.lock': Could not acquire lock, checking if the file is stale.
2024-12-04 12:45:30.648 [info] Lock '/voc/work/.local/share/code-server/User/workspaceStorage/674db09b/vscode.lock': The lock does not look stale, elapsed: 569 ms, giving up.
2024-12-04 12:45:30.666 [info] Lock '/voc/work/.local/share/code-server/User/workspaceStorage/674db09b-1/vscode.lock': Lock acquired.
2024-12-04 12:45:30.905 [info] ExtensionService#_doActivateExtension ecmel.vscode-html-css, startup: true, activationEvent: '*'
2024-12-04 12:45:30.906 [info] ExtensionService#_doActivateExtension formulahendry.auto-close-tag, startup: true, activationEvent: '*'
2024-12-04 12:45:30.908 [info] ExtensionService#_doActivateExtension vscode.git-base, startup: true, activationEvent: '*', root cause: vscode.git
2024-12-04 12:45:30.909 [info] ExtensionService#_doActivateExtension synedra.auto-run-command, startup: true, activationEvent: '*'
2024-12-04 12:45:31.198 [info] ExtensionService#_doActivateExtension vscode.git, startup: true, activationEvent: '*'
2024-12-04 12:45:31.198 [info] ExtensionService#_doActivateExtension vscode.github, startup: true, activationEvent: '*'
2024-12-04 12:45:31.777 [info] Eager extensions activated
2024-12-04 12:45:31.777 [info] ExtensionService#_doActivateExtension PKief.material-icon-theme, startup: false, activationEvent: 'onStartupFinished'
2024-12-04 12:45:31.786 [info] ExtensionService#_doActivateExtension cweijan.vscode-database-client2, startup: false, activationEvent: 'onStartupFinished'
2024-12-04 12:45:31.786 [info] ExtensionService#_doActivateExtension dbaeumer.vscode-eslint, startup: false, activationEvent: 'onStartupFinished'
2024-12-04 12:45:31.786 [info] ExtensionService#_doActivateExtension vscode.debug-auto-launch, startup: false, activationEvent: 'onStartupFinished'
2024-12-04 12:45:31.790 [info] ExtensionService#_doActivateExtension vscode.merge-conflict, startup: false, activationEvent: 'onStartupFinished'
2024-12-04 12:45:33.265 [info] ExtensionService#_doActivateExtension vscode.emmet, startup: false, activationEvent: 'onLanguage'
2024-12-04 12:48:43.871 [info] ExtensionService#_doActivateExtension vscode.npm, startup: false, activationEvent: 'onTerminalQuickFixRequest:ms-vscode.npm-command'
2024-12-04 12:49:19.803 [info] ExtensionService#_doActivateExtension vscode.simple-browser, startup: false, activationEvent: 'onOpenExternalUri:https'
2024-12-04 13:02:41.376 [info] Extension host terminating: received terminate message from renderer
2024-12-04 13:02:41.377 [info] Lock '/voc/work/.local/share/code-server/User/workspaceStorage/674db09b-1/vscode.lock': Marking the lockfile as scheduled to be released in 6000 ms.
2024-12-04 13:02:41.391 [info] Extension host with pid 24980 exiting with code 0
