2024-12-04 09:10:59.337 [info] Extension host with pid 1221 started
2024-12-04 09:10:59.337 [error] Error: EEXIST: file already exists, open '/voc/work/.local/share/code-server/User/workspaceStorage/674db09b/vscode.lock'
2024-12-04 09:10:59.348 [info] Lock '/voc/work/.local/share/code-server/User/workspaceStorage/674db09b/vscode.lock': Could not acquire lock, checking if the file is stale.
2024-12-04 09:10:59.351 [info] Lock '/voc/work/.local/share/code-server/User/workspaceStorage/674db09b/vscode.lock': The lock does not look stale, elapsed: 580 ms, giving up.
2024-12-04 09:10:59.358 [error] Error: EEXIST: file already exists, open '/voc/work/.local/share/code-server/User/workspaceStorage/674db09b-1/vscode.lock'
2024-12-04 09:10:59.362 [info] Lock '/voc/work/.local/share/code-server/User/workspaceStorage/674db09b-1/vscode.lock': Could not acquire lock, checking if the file is stale.
2024-12-04 09:10:59.395 [info] Lock '/voc/work/.local/share/code-server/User/workspaceStorage/674db09b-1/vscode.lock': The pid 92 appears to be gone.
2024-12-04 09:10:59.395 [info] Lock '/voc/work/.local/share/code-server/User/workspaceStorage/674db09b-1/vscode.lock': Deleting a stale lock.
2024-12-04 09:10:59.409 [info] Lock '/voc/work/.local/share/code-server/User/workspaceStorage/674db09b-1/vscode.lock': Lock acquired.
2024-12-04 09:10:59.604 [info] ExtensionService#_doActivateExtension vscode.ipynb, startup: false, activationEvent: 'onNotebookSerializer:jupyter-notebook'
2024-12-04 09:10:59.923 [info] ExtensionService#_doActivateExtension ecmel.vscode-html-css, startup: true, activationEvent: '*'
2024-12-04 09:10:59.923 [info] ExtensionService#_doActivateExtension formulahendry.auto-close-tag, startup: true, activationEvent: '*'
2024-12-04 09:10:59.926 [info] ExtensionService#_doActivateExtension vscode.git-base, startup: true, activationEvent: '*', root cause: vscode.git
2024-12-04 09:10:59.926 [info] ExtensionService#_doActivateExtension synedra.auto-run-command, startup: true, activationEvent: '*'
2024-12-04 09:11:00.402 [info] ExtensionService#_doActivateExtension vscode.git, startup: true, activationEvent: '*'
2024-12-04 09:11:00.403 [info] ExtensionService#_doActivateExtension vscode.github, startup: true, activationEvent: '*'
2024-12-04 09:11:00.923 [info] Eager extensions activated
2024-12-04 09:11:00.923 [info] ExtensionService#_doActivateExtension PKief.material-icon-theme, startup: false, activationEvent: 'onStartupFinished'
2024-12-04 09:11:00.927 [info] ExtensionService#_doActivateExtension cweijan.vscode-database-client2, startup: false, activationEvent: 'onStartupFinished'
2024-12-04 09:11:00.927 [info] ExtensionService#_doActivateExtension dbaeumer.vscode-eslint, startup: false, activationEvent: 'onStartupFinished'
2024-12-04 09:11:00.930 [info] ExtensionService#_doActivateExtension vscode.debug-auto-launch, startup: false, activationEvent: 'onStartupFinished'
2024-12-04 09:11:00.930 [info] ExtensionService#_doActivateExtension vscode.merge-conflict, startup: false, activationEvent: 'onStartupFinished'
2024-12-04 09:11:09.145 [info] ExtensionService#_doActivateExtension vscode.emmet, startup: false, activationEvent: 'onLanguage'
2024-12-04 09:11:14.125 [info] Extension host terminating: received terminate message from renderer
2024-12-04 09:11:14.125 [info] Lock '/voc/work/.local/share/code-server/User/workspaceStorage/674db09b-1/vscode.lock': Marking the lockfile as scheduled to be released in 6000 ms.
2024-12-04 09:11:14.136 [info] Extension host with pid 1221 exiting with code 0
