2024-12-05 06:54:38.602 [info] Extension host with pid 527 started
2024-12-05 06:54:38.619 [info] Lock '/voc/work/.local/share/code-server/User/workspaceStorage/674db09b/vscode.lock': Lock acquired.
2024-12-05 06:54:38.837 [info] ExtensionService#_doActivateExtension vscode.emmet, startup: false, activationEvent: 'onLanguage'
2024-12-05 06:54:39.096 [info] ExtensionService#_doActivateExtension ecmel.vscode-html-css, startup: true, activationEvent: '*'
2024-12-05 06:54:39.096 [info] ExtensionService#_doActivateExtension formulahendry.auto-close-tag, startup: true, activationEvent: '*'
2024-12-05 06:54:39.096 [info] ExtensionService#_doActivateExtension vscode.git-base, startup: true, activationEvent: '*', root cause: vscode.git
2024-12-05 06:54:39.096 [info] ExtensionService#_doActivateExtension synedra.auto-run-command, startup: true, activationEvent: '*'
2024-12-05 06:54:39.382 [info] ExtensionService#_doActivateExtension vscode.git, startup: true, activationEvent: '*'
2024-12-05 06:54:39.382 [info] ExtensionService#_doActivateExtension vscode.github, startup: true, activationEvent: '*'
2024-12-05 06:54:39.891 [info] Eager extensions activated
2024-12-05 06:54:39.891 [info] ExtensionService#_doActivateExtension PKief.material-icon-theme, startup: false, activationEvent: 'onStartupFinished'
2024-12-05 06:54:39.892 [info] ExtensionService#_doActivateExtension cweijan.vscode-database-client2, startup: false, activationEvent: 'onStartupFinished'
2024-12-05 06:54:39.892 [info] ExtensionService#_doActivateExtension dbaeumer.vscode-eslint, startup: false, activationEvent: 'onStartupFinished'
2024-12-05 06:54:39.892 [info] ExtensionService#_doActivateExtension vscode.debug-auto-launch, startup: false, activationEvent: 'onStartupFinished'
2024-12-05 06:54:39.893 [info] ExtensionService#_doActivateExtension vscode.merge-conflict, startup: false, activationEvent: 'onStartupFinished'
2024-12-05 06:55:17.261 [warning] [Decorations] CAPPING events from decorations provider vscode.git 2823
2024-12-05 06:55:17.622 [warning] [Decorations] CAPPING events from decorations provider vscode.git 2823
2024-12-05 06:55:25.118 [warning] [Decorations] CAPPING events from decorations provider vscode.git 2823
2024-12-05 06:55:30.597 [warning] [Decorations] CAPPING events from decorations provider vscode.git 2823
2024-12-05 06:55:36.034 [warning] [Decorations] CAPPING events from decorations provider vscode.git 2823
2024-12-05 06:55:41.487 [warning] [Decorations] CAPPING events from decorations provider vscode.git 2823
2024-12-05 06:55:46.908 [warning] [Decorations] CAPPING events from decorations provider vscode.git 2823
2024-12-05 06:55:52.352 [warning] [Decorations] CAPPING events from decorations provider vscode.git 2823
2024-12-05 06:55:57.868 [warning] [Decorations] CAPPING events from decorations provider vscode.git 2823
2024-12-05 06:56:03.203 [warning] [Decorations] CAPPING events from decorations provider vscode.git 2823
2024-12-05 06:56:08.525 [warning] [Decorations] CAPPING events from decorations provider vscode.git 2823
