2024-12-04 09:51:31.982 [info] Extension host with pid 6356 started
2024-12-04 09:51:31.983 [error] Error: EEXIST: file already exists, open '/voc/work/.local/share/code-server/User/workspaceStorage/674db09b/vscode.lock'
2024-12-04 09:51:31.995 [info] Lock '/voc/work/.local/share/code-server/User/workspaceStorage/674db09b/vscode.lock': Could not acquire lock, checking if the file is stale.
2024-12-04 09:51:31.997 [info] Lock '/voc/work/.local/share/code-server/User/workspaceStorage/674db09b/vscode.lock': The lock does not look stale, elapsed: 694 ms, giving up.
2024-12-04 09:51:32.013 [info] Lock '/voc/work/.local/share/code-server/User/workspaceStorage/674db09b-1/vscode.lock': Lock acquired.
2024-12-04 09:51:32.266 [info] ExtensionService#_doActivateExtension ecmel.vscode-html-css, startup: true, activationEvent: '*'
2024-12-04 09:51:32.267 [info] ExtensionService#_doActivateExtension formulahendry.auto-close-tag, startup: true, activationEvent: '*'
2024-12-04 09:51:32.271 [info] ExtensionService#_doActivateExtension vscode.git-base, startup: true, activationEvent: '*', root cause: vscode.git
2024-12-04 09:51:32.271 [info] ExtensionService#_doActivateExtension synedra.auto-run-command, startup: true, activationEvent: '*'
2024-12-04 09:51:32.543 [info] ExtensionService#_doActivateExtension vscode.git, startup: true, activationEvent: '*'
2024-12-04 09:51:32.544 [info] ExtensionService#_doActivateExtension vscode.github, startup: true, activationEvent: '*'
2024-12-04 09:51:32.988 [info] Eager extensions activated
2024-12-04 09:51:32.988 [info] ExtensionService#_doActivateExtension PKief.material-icon-theme, startup: false, activationEvent: 'onStartupFinished'
2024-12-04 09:51:32.991 [info] ExtensionService#_doActivateExtension cweijan.vscode-database-client2, startup: false, activationEvent: 'onStartupFinished'
2024-12-04 09:51:32.991 [info] ExtensionService#_doActivateExtension dbaeumer.vscode-eslint, startup: false, activationEvent: 'onStartupFinished'
2024-12-04 09:51:32.994 [info] ExtensionService#_doActivateExtension vscode.debug-auto-launch, startup: false, activationEvent: 'onStartupFinished'
2024-12-04 09:51:32.995 [info] ExtensionService#_doActivateExtension vscode.merge-conflict, startup: false, activationEvent: 'onStartupFinished'
2024-12-04 09:51:36.806 [info] ExtensionService#_doActivateExtension vscode.emmet, startup: false, activationEvent: 'onLanguage'
2024-12-04 09:52:02.354 [info] ExtensionService#_doActivateExtension vscode.npm, startup: false, activationEvent: 'onTerminalQuickFixRequest:ms-vscode.npm-command'
2024-12-04 09:52:19.395 [info] ExtensionService#_doActivateExtension vscode.simple-browser, startup: false, activationEvent: 'onOpenExternalUri:https'
2024-12-04 10:19:43.070 [info] Extension host terminating: received terminate message from renderer
2024-12-04 10:19:43.071 [info] Lock '/voc/work/.local/share/code-server/User/workspaceStorage/674db09b-1/vscode.lock': Marking the lockfile as scheduled to be released in 6000 ms.
2024-12-04 10:19:43.086 [info] Extension host with pid 6356 exiting with code 0
