2024-12-04 09:11:32.681 [info] Log level: Info
2024-12-04 09:11:32.681 [info] Validating found git in: "git"
2024-12-04 09:11:32.681 [info] Using git "2.25.1" from "git"
2024-12-04 09:11:32.681 [info] > git rev-parse --show-toplevel [3ms]
2024-12-04 09:11:32.681 [info] fatal: not a git repository (or any of the parent directories): .git
2024-12-04 09:11:32.681 [info] > git rev-parse --show-toplevel [2ms]
2024-12-04 09:11:32.681 [info] fatal: not a git repository (or any parent up to mount point /voc)
Stopping at filesystem boundary (GIT_DISCOVERY_ACROSS_FILESYSTEM not set).
2024-12-04 09:11:32.681 [info] > git rev-parse --show-toplevel [2ms]
2024-12-04 09:11:32.681 [info] fatal: not a git repository (or any of the parent directories): .git
2024-12-04 09:11:32.681 [info] > git rev-parse --show-toplevel [2ms]
2024-12-04 09:11:32.681 [info] fatal: not a git repository (or any parent up to mount point /voc)
Stopping at filesystem boundary (GIT_DISCOVERY_ACROSS_FILESYSTEM not set).
2024-12-04 09:11:32.681 [info] > git rev-parse --show-toplevel [1ms]
2024-12-04 09:11:32.681 [info] fatal: not a git repository (or any parent up to mount point /voc)
Stopping at filesystem boundary (GIT_DISCOVERY_ACROSS_FILESYSTEM not set).
2024-12-04 09:11:32.681 [info] > git rev-parse --show-toplevel [2ms]
2024-12-04 09:11:32.681 [info] fatal: not a git repository (or any parent up to mount point /voc)
Stopping at filesystem boundary (GIT_DISCOVERY_ACROSS_FILESYSTEM not set).
2024-12-04 09:11:32.681 [info] > git rev-parse --show-toplevel [1ms]
2024-12-04 09:11:32.681 [info] fatal: not a git repository (or any parent up to mount point /voc)
Stopping at filesystem boundary (GIT_DISCOVERY_ACROSS_FILESYSTEM not set).
2024-12-04 09:11:39.476 [info] > git rev-parse --show-toplevel [3ms]
2024-12-04 09:11:39.477 [info] fatal: not a git repository (or any parent up to mount point /voc)
Stopping at filesystem boundary (GIT_DISCOVERY_ACROSS_FILESYSTEM not set).
2024-12-04 09:11:42.192 [info] > git rev-parse --show-toplevel [2ms]
2024-12-04 09:11:42.192 [info] fatal: not a git repository (or any parent up to mount point /voc)
Stopping at filesystem boundary (GIT_DISCOVERY_ACROSS_FILESYSTEM not set).
2024-12-04 09:11:43.790 [info] > git rev-parse --show-toplevel [335ms]
2024-12-04 09:11:43.790 [info] fatal: not a git repository (or any parent up to mount point /voc)
Stopping at filesystem boundary (GIT_DISCOVERY_ACROSS_FILESYSTEM not set).
2024-12-04 09:11:55.705 [info] > git rev-parse --show-toplevel [3ms]
2024-12-04 09:11:55.706 [info] fatal: not a git repository (or any parent up to mount point /voc)
Stopping at filesystem boundary (GIT_DISCOVERY_ACROSS_FILESYSTEM not set).
2024-12-04 09:12:00.230 [info] > git rev-parse --show-toplevel [29ms]
2024-12-04 09:12:00.230 [info] fatal: not a git repository (or any parent up to mount point /voc)
Stopping at filesystem boundary (GIT_DISCOVERY_ACROSS_FILESYSTEM not set).
2024-12-04 09:12:22.085 [info] > git rev-parse --show-toplevel [2ms]
2024-12-04 09:12:22.086 [info] fatal: not a git repository (or any parent up to mount point /voc)
Stopping at filesystem boundary (GIT_DISCOVERY_ACROSS_FILESYSTEM not set).
2024-12-04 09:12:30.491 [info] > git rev-parse --show-toplevel [2ms]
2024-12-04 09:12:30.491 [info] fatal: not a git repository (or any parent up to mount point /voc)
Stopping at filesystem boundary (GIT_DISCOVERY_ACROSS_FILESYSTEM not set).
2024-12-04 09:12:41.760 [info] > git rev-parse --show-toplevel [2ms]
2024-12-04 09:12:41.760 [info] fatal: not a git repository (or any parent up to mount point /voc)
Stopping at filesystem boundary (GIT_DISCOVERY_ACROSS_FILESYSTEM not set).
2024-12-04 09:12:57.328 [info] > git rev-parse --show-toplevel [2ms]
2024-12-04 09:12:57.328 [info] fatal: not a git repository (or any parent up to mount point /voc)
Stopping at filesystem boundary (GIT_DISCOVERY_ACROSS_FILESYSTEM not set).
2024-12-04 09:12:57.338 [info] > git rev-parse --show-toplevel [5ms]
2024-12-04 09:12:57.338 [info] fatal: not a git repository (or any parent up to mount point /voc)
Stopping at filesystem boundary (GIT_DISCOVERY_ACROSS_FILESYSTEM not set).
2024-12-04 11:21:03.496 [info] > git rev-parse --show-toplevel [55ms]
2024-12-04 11:21:03.497 [info] fatal: not a git repository (or any parent up to mount point /voc)
Stopping at filesystem boundary (GIT_DISCOVERY_ACROSS_FILESYSTEM not set).
2024-12-04 11:23:58.083 [info] > git rev-parse --show-toplevel [7ms]
2024-12-04 11:23:58.089 [info] fatal: not a git repository (or any parent up to mount point /voc)
Stopping at filesystem boundary (GIT_DISCOVERY_ACROSS_FILESYSTEM not set).
2024-12-04 11:23:59.340 [info] > git rev-parse --show-toplevel [2ms]
2024-12-04 11:23:59.341 [info] fatal: not a git repository (or any parent up to mount point /voc)
Stopping at filesystem boundary (GIT_DISCOVERY_ACROSS_FILESYSTEM not set).
2024-12-04 11:24:00.065 [info] > git rev-parse --show-toplevel [6ms]
2024-12-04 11:24:00.065 [info] fatal: not a git repository (or any parent up to mount point /voc)
Stopping at filesystem boundary (GIT_DISCOVERY_ACROSS_FILESYSTEM not set).
2024-12-04 11:24:01.403 [info] > git rev-parse --show-toplevel [5ms]
2024-12-04 11:24:01.403 [info] fatal: not a git repository (or any parent up to mount point /voc)
Stopping at filesystem boundary (GIT_DISCOVERY_ACROSS_FILESYSTEM not set).
2024-12-04 11:24:13.182 [info] > git rev-parse --show-toplevel [3ms]
2024-12-04 11:24:13.182 [info] fatal: not a git repository (or any parent up to mount point /voc)
Stopping at filesystem boundary (GIT_DISCOVERY_ACROSS_FILESYSTEM not set).
2024-12-04 11:29:12.735 [info] > git rev-parse --show-toplevel [2ms]
2024-12-04 11:29:12.736 [info] fatal: not a git repository (or any parent up to mount point /voc)
Stopping at filesystem boundary (GIT_DISCOVERY_ACROSS_FILESYSTEM not set).
2024-12-04 11:29:26.230 [info] > git rev-parse --show-toplevel [2ms]
2024-12-04 11:29:26.230 [info] fatal: not a git repository (or any parent up to mount point /voc)
Stopping at filesystem boundary (GIT_DISCOVERY_ACROSS_FILESYSTEM not set).
2024-12-04 11:29:31.244 [info] > git rev-parse --show-toplevel [4ms]
2024-12-04 11:29:31.244 [info] fatal: not a git repository (or any parent up to mount point /voc)
Stopping at filesystem boundary (GIT_DISCOVERY_ACROSS_FILESYSTEM not set).
2024-12-04 11:30:02.115 [info] > git rev-parse --show-toplevel [3ms]
2024-12-04 11:30:02.115 [info] fatal: not a git repository (or any parent up to mount point /voc)
Stopping at filesystem boundary (GIT_DISCOVERY_ACROSS_FILESYSTEM not set).
