2024-12-04 09:02:48.498 [info] Extension host with pid 92 started
2024-12-04 09:02:48.499 [error] Error: EEXIST: file already exists, open '/voc/work/.local/share/code-server/User/workspaceStorage/674db09b/vscode.lock'
2024-12-04 09:02:48.509 [info] Lock '/voc/work/.local/share/code-server/User/workspaceStorage/674db09b/vscode.lock': Could not acquire lock, checking if the file is stale.
2024-12-04 09:02:48.512 [info] Lock '/voc/work/.local/share/code-server/User/workspaceStorage/674db09b/vscode.lock': The lock looks stale, waiting for 2s.
2024-12-04 09:02:48.778 [info] ExtensionService#_doActivateExtension ecmel.vscode-html-css, startup: true, activationEvent: '*'
2024-12-04 09:02:48.778 [info] ExtensionService#_doActivateExtension formulahendry.auto-close-tag, startup: true, activationEvent: '*'
2024-12-04 09:02:48.779 [info] ExtensionService#_doActivateExtension vscode.git-base, startup: true, activationEvent: '*', root cause: vscode.git
2024-12-04 09:02:48.779 [info] ExtensionService#_doActivateExtension synedra.auto-run-command, startup: true, activationEvent: '*'
2024-12-04 09:02:50.512 [info] Lock '/voc/work/.local/share/code-server/User/workspaceStorage/674db09b/vscode.lock': The lock looks stale even after waiting for 2s.
2024-12-04 09:02:50.512 [info] Lock '/voc/work/.local/share/code-server/User/workspaceStorage/674db09b/vscode.lock': Deleting a stale lock.
2024-12-04 09:02:50.533 [info] Lock '/voc/work/.local/share/code-server/User/workspaceStorage/674db09b/vscode.lock': Lock acquired.
2024-12-04 09:02:50.756 [info] ExtensionService#_doActivateExtension vscode.git, startup: true, activationEvent: '*'
2024-12-04 09:02:50.756 [info] ExtensionService#_doActivateExtension vscode.github, startup: true, activationEvent: '*'
2024-12-04 09:02:51.105 [info] Eager extensions activated
2024-12-04 09:02:51.105 [info] ExtensionService#_doActivateExtension PKief.material-icon-theme, startup: false, activationEvent: 'onStartupFinished'
2024-12-04 09:02:51.105 [info] ExtensionService#_doActivateExtension cweijan.vscode-database-client2, startup: false, activationEvent: 'onStartupFinished'
2024-12-04 09:02:51.105 [info] ExtensionService#_doActivateExtension dbaeumer.vscode-eslint, startup: false, activationEvent: 'onStartupFinished'
2024-12-04 09:02:51.106 [info] ExtensionService#_doActivateExtension vscode.debug-auto-launch, startup: false, activationEvent: 'onStartupFinished'
2024-12-04 09:02:51.106 [info] ExtensionService#_doActivateExtension vscode.merge-conflict, startup: false, activationEvent: 'onStartupFinished'
2024-12-04 09:05:52.239 [info] ExtensionService#_doActivateExtension ms-python.python, startup: false, activationEvent: 'onLanguage:python'
2024-12-04 09:05:52.241 [info] ExtensionService#_doActivateExtension ms-toolsai.jupyter, startup: false, activationEvent: 'onLanguage:python'
2024-12-04 09:05:52.241 [info] ExtensionService#_doActivateExtension vscode.emmet, startup: false, activationEvent: 'onLanguage'
2024-12-04 09:05:53.169 [info] ExtensionService#_doActivateExtension ms-toolsai.jupyter-renderers, startup: false, activationEvent: 'api', root cause: ms-toolsai.jupyter
2024-12-04 09:06:27.023 [info] ExtensionService#_doActivateExtension vscode.simple-browser, startup: false, activationEvent: 'onOpenExternalUri:https'
2024-12-04 09:06:54.406 [info] ExtensionService#_doActivateExtension vscode.html-language-features, startup: false, activationEvent: 'onLanguage:html'
2024-12-04 09:08:26.477 [error] [ecmel.vscode-html-css] provider FAILED
2024-12-04 09:08:26.478 [error] undefined
2024-12-04 09:08:27.358 [error] [ecmel.vscode-html-css] provider FAILED
2024-12-04 09:08:27.358 [error] undefined
2024-12-04 09:08:27.745 [error] [ecmel.vscode-html-css] provider FAILED
2024-12-04 09:08:27.745 [error] undefined
2024-12-04 09:08:27.963 [error] [ecmel.vscode-html-css] provider FAILED
2024-12-04 09:08:27.963 [error] undefined
2024-12-04 09:08:28.611 [error] [ecmel.vscode-html-css] provider FAILED
2024-12-04 09:08:28.611 [error] undefined
2024-12-04 09:08:29.306 [error] [ecmel.vscode-html-css] provider FAILED
2024-12-04 09:08:29.306 [error] undefined
2024-12-04 09:09:59.227 [info] Extension host terminating: received terminate message from renderer
2024-12-04 09:09:59.229 [info] Lock '/voc/work/.local/share/code-server/User/workspaceStorage/674db09b/vscode.lock': Marking the lockfile as scheduled to be released in 6000 ms.
2024-12-04 09:09:59.263 [info] Extension host with pid 92 exiting with code 0
