2024-12-04 18:06:42.735 [info] Extension host with pid 91 started
2024-12-04 18:06:42.754 [info] Lock '/voc/work/.local/share/code-server/User/workspaceStorage/581eb7fa/vscode.lock': Lock acquired.
2024-12-04 18:06:43.049 [info] ExtensionService#_doActivateExtension vscode.html-language-features, startup: false, activationEvent: 'onLanguage:html'
2024-12-04 18:06:43.050 [info] ExtensionService#_doActivateExtension vscode.emmet, startup: false, activationEvent: 'onLanguage'
2024-12-04 18:06:43.694 [info] ExtensionService#_doActivateExtension ecmel.vscode-html-css, startup: true, activationEvent: '*'
2024-12-04 18:06:43.694 [info] ExtensionService#_doActivateExtension formulahendry.auto-close-tag, startup: true, activationEvent: '*'
2024-12-04 18:06:43.694 [info] ExtensionService#_doActivateExtension vscode.git-base, startup: true, activationEvent: '*', root cause: vscode.git
2024-12-04 18:06:43.695 [info] ExtensionService#_doActivateExtension synedra.auto-run-command, startup: true, activationEvent: '*'
2024-12-04 18:06:43.985 [info] ExtensionService#_doActivateExtension vscode.git, startup: true, activationEvent: '*'
2024-12-04 18:06:43.986 [info] ExtensionService#_doActivateExtension vscode.github, startup: true, activationEvent: '*'
2024-12-04 18:06:44.565 [info] Eager extensions activated
2024-12-04 18:06:44.566 [info] ExtensionService#_doActivateExtension PKief.material-icon-theme, startup: false, activationEvent: 'onStartupFinished'
2024-12-04 18:06:44.566 [info] ExtensionService#_doActivateExtension cweijan.vscode-database-client2, startup: false, activationEvent: 'onStartupFinished'
2024-12-04 18:06:44.566 [info] ExtensionService#_doActivateExtension dbaeumer.vscode-eslint, startup: false, activationEvent: 'onStartupFinished'
2024-12-04 18:06:44.566 [info] ExtensionService#_doActivateExtension vscode.debug-auto-launch, startup: false, activationEvent: 'onStartupFinished'
2024-12-04 18:06:44.567 [info] ExtensionService#_doActivateExtension vscode.merge-conflict, startup: false, activationEvent: 'onStartupFinished'
2024-12-04 18:06:55.359 [error] [ecmel.vscode-html-css] provider FAILED
2024-12-04 18:06:55.360 [error] undefined
2024-12-04 18:07:06.666 [error] [ecmel.vscode-html-css] provider FAILED
2024-12-04 18:07:06.666 [error] undefined
2024-12-04 18:07:20.332 [error] [vscode.emmet] provider FAILED
2024-12-04 18:07:20.334 [error] TypeError: Cannot read properties of undefined (reading 'find')
	at t.$Zgc.b (/usr/local/lib/code-server-4.16.1/lib/vscode/extensions/emmet/dist/node/emmetNodeMain.js:1:129955)
	at t.$Zgc.provideCompletionItems (/usr/local/lib/code-server-4.16.1/lib/vscode/extensions/emmet/dist/node/emmetNodeMain.js:1:128584)
	at H.provideCompletionItems (/usr/local/lib/code-server-4.16.1/lib/vscode/out/vs/workbench/api/node/extensionHostProcess.js:101:50314)
	at /usr/local/lib/code-server-4.16.1/lib/vscode/out/vs/workbench/api/node/extensionHostProcess.js:101:70955
	at se.s (/usr/local/lib/code-server-4.16.1/lib/vscode/out/vs/workbench/api/node/extensionHostProcess.js:101:62837)
	at se.$provideCompletionItems (/usr/local/lib/code-server-4.16.1/lib/vscode/out/vs/workbench/api/node/extensionHostProcess.js:101:70942)
	at t.N (/usr/local/lib/code-server-4.16.1/lib/vscode/out/vs/workbench/api/node/extensionHostProcess.js:111:11199)
	at t.M (/usr/local/lib/code-server-4.16.1/lib/vscode/out/vs/workbench/api/node/extensionHostProcess.js:111:10965)
	at t.H (/usr/local/lib/code-server-4.16.1/lib/vscode/out/vs/workbench/api/node/extensionHostProcess.js:111:10007)
	at t.G (/usr/local/lib/code-server-4.16.1/lib/vscode/out/vs/workbench/api/node/extensionHostProcess.js:111:9122)
	at i.value (/usr/local/lib/code-server-4.16.1/lib/vscode/out/vs/workbench/api/node/extensionHostProcess.js:111:7952)
	at v.w (/usr/local/lib/code-server-4.16.1/lib/vscode/out/vs/workbench/api/node/extensionHostProcess.js:60:1902)
	at v.fire (/usr/local/lib/code-server-4.16.1/lib/vscode/out/vs/workbench/api/node/extensionHostProcess.js:60:2119)
	at fire (/usr/local/lib/code-server-4.16.1/lib/vscode/out/vs/workbench/api/node/extensionHostProcess.js:72:13931)
	at i.value (/usr/local/lib/code-server-4.16.1/lib/vscode/out/vs/workbench/api/node/extensionHostProcess.js:127:30923)
	at v.w (/usr/local/lib/code-server-4.16.1/lib/vscode/out/vs/workbench/api/node/extensionHostProcess.js:60:1902)
	at v.fire (/usr/local/lib/code-server-4.16.1/lib/vscode/out/vs/workbench/api/node/extensionHostProcess.js:60:2119)
	at fire (/usr/local/lib/code-server-4.16.1/lib/vscode/out/vs/workbench/api/node/extensionHostProcess.js:72:13931)
	at s.z (/usr/local/lib/code-server-4.16.1/lib/vscode/out/vs/workbench/api/node/extensionHostProcess.js:72:16976)
	at i.value (/usr/local/lib/code-server-4.16.1/lib/vscode/out/vs/workbench/api/node/extensionHostProcess.js:72:15428)
	at v.w (/usr/local/lib/code-server-4.16.1/lib/vscode/out/vs/workbench/api/node/extensionHostProcess.js:60:1902)
	at v.fire (/usr/local/lib/code-server-4.16.1/lib/vscode/out/vs/workbench/api/node/extensionHostProcess.js:60:2119)
	at i.acceptChunk (/usr/local/lib/code-server-4.16.1/lib/vscode/out/vs/workbench/api/node/extensionHostProcess.js:72:11705)
	at i.value (/usr/local/lib/code-server-4.16.1/lib/vscode/out/vs/workbench/api/node/extensionHostProcess.js:72:10992)
	at v.w (/usr/local/lib/code-server-4.16.1/lib/vscode/out/vs/workbench/api/node/extensionHostProcess.js:60:1902)
	at v.fire (/usr/local/lib/code-server-4.16.1/lib/vscode/out/vs/workbench/api/node/extensionHostProcess.js:60:2119)
	at v.u (/usr/local/lib/code-server-4.16.1/lib/vscode/out/vs/workbench/api/node/extensionHostProcess.js:127:19064)
2024-12-04 18:07:29.234 [error] [vscode.emmet] provider FAILED
2024-12-04 18:07:29.234 [error] TypeError: Cannot read properties of undefined (reading 'find')
	at t.$Zgc.b (/usr/local/lib/code-server-4.16.1/lib/vscode/extensions/emmet/dist/node/emmetNodeMain.js:1:129955)
	at t.$Zgc.provideCompletionItems (/usr/local/lib/code-server-4.16.1/lib/vscode/extensions/emmet/dist/node/emmetNodeMain.js:1:128584)
	at H.provideCompletionItems (/usr/local/lib/code-server-4.16.1/lib/vscode/out/vs/workbench/api/node/extensionHostProcess.js:101:50314)
	at /usr/local/lib/code-server-4.16.1/lib/vscode/out/vs/workbench/api/node/extensionHostProcess.js:101:70955
	at se.s (/usr/local/lib/code-server-4.16.1/lib/vscode/out/vs/workbench/api/node/extensionHostProcess.js:101:62837)
	at se.$provideCompletionItems (/usr/local/lib/code-server-4.16.1/lib/vscode/out/vs/workbench/api/node/extensionHostProcess.js:101:70942)
	at t.N (/usr/local/lib/code-server-4.16.1/lib/vscode/out/vs/workbench/api/node/extensionHostProcess.js:111:11199)
	at t.M (/usr/local/lib/code-server-4.16.1/lib/vscode/out/vs/workbench/api/node/extensionHostProcess.js:111:10965)
	at t.H (/usr/local/lib/code-server-4.16.1/lib/vscode/out/vs/workbench/api/node/extensionHostProcess.js:111:10007)
	at t.G (/usr/local/lib/code-server-4.16.1/lib/vscode/out/vs/workbench/api/node/extensionHostProcess.js:111:9122)
	at i.value (/usr/local/lib/code-server-4.16.1/lib/vscode/out/vs/workbench/api/node/extensionHostProcess.js:111:7952)
	at v.w (/usr/local/lib/code-server-4.16.1/lib/vscode/out/vs/workbench/api/node/extensionHostProcess.js:60:1902)
	at v.fire (/usr/local/lib/code-server-4.16.1/lib/vscode/out/vs/workbench/api/node/extensionHostProcess.js:60:2119)
	at fire (/usr/local/lib/code-server-4.16.1/lib/vscode/out/vs/workbench/api/node/extensionHostProcess.js:72:13931)
	at i.value (/usr/local/lib/code-server-4.16.1/lib/vscode/out/vs/workbench/api/node/extensionHostProcess.js:127:30923)
	at v.w (/usr/local/lib/code-server-4.16.1/lib/vscode/out/vs/workbench/api/node/extensionHostProcess.js:60:1902)
	at v.fire (/usr/local/lib/code-server-4.16.1/lib/vscode/out/vs/workbench/api/node/extensionHostProcess.js:60:2119)
	at fire (/usr/local/lib/code-server-4.16.1/lib/vscode/out/vs/workbench/api/node/extensionHostProcess.js:72:13931)
	at s.z (/usr/local/lib/code-server-4.16.1/lib/vscode/out/vs/workbench/api/node/extensionHostProcess.js:72:16976)
	at i.value (/usr/local/lib/code-server-4.16.1/lib/vscode/out/vs/workbench/api/node/extensionHostProcess.js:72:15428)
	at v.w (/usr/local/lib/code-server-4.16.1/lib/vscode/out/vs/workbench/api/node/extensionHostProcess.js:60:1902)
	at v.fire (/usr/local/lib/code-server-4.16.1/lib/vscode/out/vs/workbench/api/node/extensionHostProcess.js:60:2119)
	at i.acceptChunk (/usr/local/lib/code-server-4.16.1/lib/vscode/out/vs/workbench/api/node/extensionHostProcess.js:72:11705)
	at i.value (/usr/local/lib/code-server-4.16.1/lib/vscode/out/vs/workbench/api/node/extensionHostProcess.js:72:10992)
	at v.w (/usr/local/lib/code-server-4.16.1/lib/vscode/out/vs/workbench/api/node/extensionHostProcess.js:60:1902)
	at v.fire (/usr/local/lib/code-server-4.16.1/lib/vscode/out/vs/workbench/api/node/extensionHostProcess.js:60:2119)
	at v.u (/usr/local/lib/code-server-4.16.1/lib/vscode/out/vs/workbench/api/node/extensionHostProcess.js:127:19064)
2024-12-04 18:07:47.271 [error] [vscode.emmet] provider FAILED
2024-12-04 18:07:47.271 [error] TypeError: Cannot read properties of undefined (reading 'find')
	at t.$Zgc.b (/usr/local/lib/code-server-4.16.1/lib/vscode/extensions/emmet/dist/node/emmetNodeMain.js:1:129955)
	at t.$Zgc.provideCompletionItems (/usr/local/lib/code-server-4.16.1/lib/vscode/extensions/emmet/dist/node/emmetNodeMain.js:1:128584)
	at H.provideCompletionItems (/usr/local/lib/code-server-4.16.1/lib/vscode/out/vs/workbench/api/node/extensionHostProcess.js:101:50314)
	at /usr/local/lib/code-server-4.16.1/lib/vscode/out/vs/workbench/api/node/extensionHostProcess.js:101:70955
	at se.s (/usr/local/lib/code-server-4.16.1/lib/vscode/out/vs/workbench/api/node/extensionHostProcess.js:101:62837)
	at se.$provideCompletionItems (/usr/local/lib/code-server-4.16.1/lib/vscode/out/vs/workbench/api/node/extensionHostProcess.js:101:70942)
	at t.N (/usr/local/lib/code-server-4.16.1/lib/vscode/out/vs/workbench/api/node/extensionHostProcess.js:111:11199)
	at t.M (/usr/local/lib/code-server-4.16.1/lib/vscode/out/vs/workbench/api/node/extensionHostProcess.js:111:10965)
	at t.H (/usr/local/lib/code-server-4.16.1/lib/vscode/out/vs/workbench/api/node/extensionHostProcess.js:111:10007)
	at t.G (/usr/local/lib/code-server-4.16.1/lib/vscode/out/vs/workbench/api/node/extensionHostProcess.js:111:9122)
	at i.value (/usr/local/lib/code-server-4.16.1/lib/vscode/out/vs/workbench/api/node/extensionHostProcess.js:111:7952)
	at v.w (/usr/local/lib/code-server-4.16.1/lib/vscode/out/vs/workbench/api/node/extensionHostProcess.js:60:1902)
	at v.fire (/usr/local/lib/code-server-4.16.1/lib/vscode/out/vs/workbench/api/node/extensionHostProcess.js:60:2119)
	at fire (/usr/local/lib/code-server-4.16.1/lib/vscode/out/vs/workbench/api/node/extensionHostProcess.js:72:13931)
	at i.value (/usr/local/lib/code-server-4.16.1/lib/vscode/out/vs/workbench/api/node/extensionHostProcess.js:127:30923)
	at v.w (/usr/local/lib/code-server-4.16.1/lib/vscode/out/vs/workbench/api/node/extensionHostProcess.js:60:1902)
	at v.fire (/usr/local/lib/code-server-4.16.1/lib/vscode/out/vs/workbench/api/node/extensionHostProcess.js:60:2119)
	at fire (/usr/local/lib/code-server-4.16.1/lib/vscode/out/vs/workbench/api/node/extensionHostProcess.js:72:13931)
	at s.z (/usr/local/lib/code-server-4.16.1/lib/vscode/out/vs/workbench/api/node/extensionHostProcess.js:72:16976)
	at i.value (/usr/local/lib/code-server-4.16.1/lib/vscode/out/vs/workbench/api/node/extensionHostProcess.js:72:15428)
	at v.w (/usr/local/lib/code-server-4.16.1/lib/vscode/out/vs/workbench/api/node/extensionHostProcess.js:60:1902)
	at v.fire (/usr/local/lib/code-server-4.16.1/lib/vscode/out/vs/workbench/api/node/extensionHostProcess.js:60:2119)
	at i.acceptChunk (/usr/local/lib/code-server-4.16.1/lib/vscode/out/vs/workbench/api/node/extensionHostProcess.js:72:11705)
	at i.value (/usr/local/lib/code-server-4.16.1/lib/vscode/out/vs/workbench/api/node/extensionHostProcess.js:72:10992)
	at v.w (/usr/local/lib/code-server-4.16.1/lib/vscode/out/vs/workbench/api/node/extensionHostProcess.js:60:1902)
	at v.fire (/usr/local/lib/code-server-4.16.1/lib/vscode/out/vs/workbench/api/node/extensionHostProcess.js:60:2119)
	at v.u (/usr/local/lib/code-server-4.16.1/lib/vscode/out/vs/workbench/api/node/extensionHostProcess.js:127:19064)
2024-12-04 18:07:56.655 [error] [ecmel.vscode-html-css] provider FAILED
2024-12-04 18:07:56.656 [error] undefined
2024-12-04 18:08:26.786 [error] [vscode.emmet] provider FAILED
2024-12-04 18:08:26.787 [error] TypeError: Cannot read properties of undefined (reading 'find')
	at t.$Zgc.b (/usr/local/lib/code-server-4.16.1/lib/vscode/extensions/emmet/dist/node/emmetNodeMain.js:1:129955)
	at t.$Zgc.provideCompletionItems (/usr/local/lib/code-server-4.16.1/lib/vscode/extensions/emmet/dist/node/emmetNodeMain.js:1:128584)
	at H.provideCompletionItems (/usr/local/lib/code-server-4.16.1/lib/vscode/out/vs/workbench/api/node/extensionHostProcess.js:101:50314)
	at /usr/local/lib/code-server-4.16.1/lib/vscode/out/vs/workbench/api/node/extensionHostProcess.js:101:70955
	at se.s (/usr/local/lib/code-server-4.16.1/lib/vscode/out/vs/workbench/api/node/extensionHostProcess.js:101:62837)
	at se.$provideCompletionItems (/usr/local/lib/code-server-4.16.1/lib/vscode/out/vs/workbench/api/node/extensionHostProcess.js:101:70942)
	at t.N (/usr/local/lib/code-server-4.16.1/lib/vscode/out/vs/workbench/api/node/extensionHostProcess.js:111:11199)
	at t.M (/usr/local/lib/code-server-4.16.1/lib/vscode/out/vs/workbench/api/node/extensionHostProcess.js:111:10965)
	at t.H (/usr/local/lib/code-server-4.16.1/lib/vscode/out/vs/workbench/api/node/extensionHostProcess.js:111:10007)
	at t.G (/usr/local/lib/code-server-4.16.1/lib/vscode/out/vs/workbench/api/node/extensionHostProcess.js:111:9122)
	at i.value (/usr/local/lib/code-server-4.16.1/lib/vscode/out/vs/workbench/api/node/extensionHostProcess.js:111:7952)
	at v.w (/usr/local/lib/code-server-4.16.1/lib/vscode/out/vs/workbench/api/node/extensionHostProcess.js:60:1902)
	at v.fire (/usr/local/lib/code-server-4.16.1/lib/vscode/out/vs/workbench/api/node/extensionHostProcess.js:60:2119)
	at fire (/usr/local/lib/code-server-4.16.1/lib/vscode/out/vs/workbench/api/node/extensionHostProcess.js:72:13931)
	at i.value (/usr/local/lib/code-server-4.16.1/lib/vscode/out/vs/workbench/api/node/extensionHostProcess.js:127:30923)
	at v.w (/usr/local/lib/code-server-4.16.1/lib/vscode/out/vs/workbench/api/node/extensionHostProcess.js:60:1902)
	at v.fire (/usr/local/lib/code-server-4.16.1/lib/vscode/out/vs/workbench/api/node/extensionHostProcess.js:60:2119)
	at fire (/usr/local/lib/code-server-4.16.1/lib/vscode/out/vs/workbench/api/node/extensionHostProcess.js:72:13931)
	at s.z (/usr/local/lib/code-server-4.16.1/lib/vscode/out/vs/workbench/api/node/extensionHostProcess.js:72:16976)
	at i.value (/usr/local/lib/code-server-4.16.1/lib/vscode/out/vs/workbench/api/node/extensionHostProcess.js:72:15428)
	at v.w (/usr/local/lib/code-server-4.16.1/lib/vscode/out/vs/workbench/api/node/extensionHostProcess.js:60:1902)
	at v.fire (/usr/local/lib/code-server-4.16.1/lib/vscode/out/vs/workbench/api/node/extensionHostProcess.js:60:2119)
	at i.acceptChunk (/usr/local/lib/code-server-4.16.1/lib/vscode/out/vs/workbench/api/node/extensionHostProcess.js:72:11705)
	at i.value (/usr/local/lib/code-server-4.16.1/lib/vscode/out/vs/workbench/api/node/extensionHostProcess.js:72:10992)
	at v.w (/usr/local/lib/code-server-4.16.1/lib/vscode/out/vs/workbench/api/node/extensionHostProcess.js:60:1902)
	at v.fire (/usr/local/lib/code-server-4.16.1/lib/vscode/out/vs/workbench/api/node/extensionHostProcess.js:60:2119)
	at v.u (/usr/local/lib/code-server-4.16.1/lib/vscode/out/vs/workbench/api/node/extensionHostProcess.js:127:19064)
2024-12-04 18:08:36.356 [error] [ecmel.vscode-html-css] provider FAILED
2024-12-04 18:08:36.356 [error] undefined
2024-12-04 18:08:37.288 [error] [ecmel.vscode-html-css] provider FAILED
2024-12-04 18:08:37.288 [error] undefined
2024-12-04 18:08:38.274 [error] [ecmel.vscode-html-css] provider FAILED
2024-12-04 18:08:38.274 [error] undefined
2024-12-04 18:08:39.889 [error] [ecmel.vscode-html-css] provider FAILED
2024-12-04 18:08:39.889 [error] undefined
2024-12-04 18:09:03.602 [error] [vscode.emmet] provider FAILED
2024-12-04 18:09:03.602 [error] TypeError: Cannot read properties of undefined (reading 'find')
	at t.$Zgc.b (/usr/local/lib/code-server-4.16.1/lib/vscode/extensions/emmet/dist/node/emmetNodeMain.js:1:129955)
	at t.$Zgc.provideCompletionItems (/usr/local/lib/code-server-4.16.1/lib/vscode/extensions/emmet/dist/node/emmetNodeMain.js:1:128584)
	at H.provideCompletionItems (/usr/local/lib/code-server-4.16.1/lib/vscode/out/vs/workbench/api/node/extensionHostProcess.js:101:50314)
	at /usr/local/lib/code-server-4.16.1/lib/vscode/out/vs/workbench/api/node/extensionHostProcess.js:101:70955
	at se.s (/usr/local/lib/code-server-4.16.1/lib/vscode/out/vs/workbench/api/node/extensionHostProcess.js:101:62837)
	at se.$provideCompletionItems (/usr/local/lib/code-server-4.16.1/lib/vscode/out/vs/workbench/api/node/extensionHostProcess.js:101:70942)
	at t.N (/usr/local/lib/code-server-4.16.1/lib/vscode/out/vs/workbench/api/node/extensionHostProcess.js:111:11199)
	at t.M (/usr/local/lib/code-server-4.16.1/lib/vscode/out/vs/workbench/api/node/extensionHostProcess.js:111:10965)
	at t.H (/usr/local/lib/code-server-4.16.1/lib/vscode/out/vs/workbench/api/node/extensionHostProcess.js:111:10007)
	at t.G (/usr/local/lib/code-server-4.16.1/lib/vscode/out/vs/workbench/api/node/extensionHostProcess.js:111:9122)
	at i.value (/usr/local/lib/code-server-4.16.1/lib/vscode/out/vs/workbench/api/node/extensionHostProcess.js:111:7952)
	at v.w (/usr/local/lib/code-server-4.16.1/lib/vscode/out/vs/workbench/api/node/extensionHostProcess.js:60:1902)
	at v.fire (/usr/local/lib/code-server-4.16.1/lib/vscode/out/vs/workbench/api/node/extensionHostProcess.js:60:2119)
	at fire (/usr/local/lib/code-server-4.16.1/lib/vscode/out/vs/workbench/api/node/extensionHostProcess.js:72:13931)
	at i.value (/usr/local/lib/code-server-4.16.1/lib/vscode/out/vs/workbench/api/node/extensionHostProcess.js:127:30923)
	at v.w (/usr/local/lib/code-server-4.16.1/lib/vscode/out/vs/workbench/api/node/extensionHostProcess.js:60:1902)
	at v.fire (/usr/local/lib/code-server-4.16.1/lib/vscode/out/vs/workbench/api/node/extensionHostProcess.js:60:2119)
	at fire (/usr/local/lib/code-server-4.16.1/lib/vscode/out/vs/workbench/api/node/extensionHostProcess.js:72:13931)
	at s.z (/usr/local/lib/code-server-4.16.1/lib/vscode/out/vs/workbench/api/node/extensionHostProcess.js:72:16976)
	at i.value (/usr/local/lib/code-server-4.16.1/lib/vscode/out/vs/workbench/api/node/extensionHostProcess.js:72:15428)
	at v.w (/usr/local/lib/code-server-4.16.1/lib/vscode/out/vs/workbench/api/node/extensionHostProcess.js:60:1902)
	at v.fire (/usr/local/lib/code-server-4.16.1/lib/vscode/out/vs/workbench/api/node/extensionHostProcess.js:60:2119)
	at i.acceptChunk (/usr/local/lib/code-server-4.16.1/lib/vscode/out/vs/workbench/api/node/extensionHostProcess.js:72:11705)
	at i.value (/usr/local/lib/code-server-4.16.1/lib/vscode/out/vs/workbench/api/node/extensionHostProcess.js:72:10992)
	at v.w (/usr/local/lib/code-server-4.16.1/lib/vscode/out/vs/workbench/api/node/extensionHostProcess.js:60:1902)
	at v.fire (/usr/local/lib/code-server-4.16.1/lib/vscode/out/vs/workbench/api/node/extensionHostProcess.js:60:2119)
	at v.u (/usr/local/lib/code-server-4.16.1/lib/vscode/out/vs/workbench/api/node/extensionHostProcess.js:127:19064)
2024-12-04 18:09:16.607 [info] ExtensionService#_doActivateExtension vscode.css-language-features, startup: false, activationEvent: 'onLanguage:css'
2024-12-04 18:10:32.745 [error] [vscode.emmet] provider FAILED
2024-12-04 18:10:32.746 [error] TypeError: Cannot read properties of undefined (reading 'find')
	at t.$Zgc.b (/usr/local/lib/code-server-4.16.1/lib/vscode/extensions/emmet/dist/node/emmetNodeMain.js:1:129955)
	at t.$Zgc.provideCompletionItems (/usr/local/lib/code-server-4.16.1/lib/vscode/extensions/emmet/dist/node/emmetNodeMain.js:1:128584)
	at H.provideCompletionItems (/usr/local/lib/code-server-4.16.1/lib/vscode/out/vs/workbench/api/node/extensionHostProcess.js:101:50314)
	at /usr/local/lib/code-server-4.16.1/lib/vscode/out/vs/workbench/api/node/extensionHostProcess.js:101:70955
	at se.s (/usr/local/lib/code-server-4.16.1/lib/vscode/out/vs/workbench/api/node/extensionHostProcess.js:101:62837)
	at se.$provideCompletionItems (/usr/local/lib/code-server-4.16.1/lib/vscode/out/vs/workbench/api/node/extensionHostProcess.js:101:70942)
	at t.N (/usr/local/lib/code-server-4.16.1/lib/vscode/out/vs/workbench/api/node/extensionHostProcess.js:111:11199)
	at t.M (/usr/local/lib/code-server-4.16.1/lib/vscode/out/vs/workbench/api/node/extensionHostProcess.js:111:10965)
	at t.H (/usr/local/lib/code-server-4.16.1/lib/vscode/out/vs/workbench/api/node/extensionHostProcess.js:111:10007)
	at t.G (/usr/local/lib/code-server-4.16.1/lib/vscode/out/vs/workbench/api/node/extensionHostProcess.js:111:9122)
	at i.value (/usr/local/lib/code-server-4.16.1/lib/vscode/out/vs/workbench/api/node/extensionHostProcess.js:111:7952)
	at v.w (/usr/local/lib/code-server-4.16.1/lib/vscode/out/vs/workbench/api/node/extensionHostProcess.js:60:1902)
	at v.fire (/usr/local/lib/code-server-4.16.1/lib/vscode/out/vs/workbench/api/node/extensionHostProcess.js:60:2119)
	at fire (/usr/local/lib/code-server-4.16.1/lib/vscode/out/vs/workbench/api/node/extensionHostProcess.js:72:13931)
	at i.value (/usr/local/lib/code-server-4.16.1/lib/vscode/out/vs/workbench/api/node/extensionHostProcess.js:127:30923)
	at v.w (/usr/local/lib/code-server-4.16.1/lib/vscode/out/vs/workbench/api/node/extensionHostProcess.js:60:1902)
	at v.fire (/usr/local/lib/code-server-4.16.1/lib/vscode/out/vs/workbench/api/node/extensionHostProcess.js:60:2119)
	at fire (/usr/local/lib/code-server-4.16.1/lib/vscode/out/vs/workbench/api/node/extensionHostProcess.js:72:13931)
	at s.z (/usr/local/lib/code-server-4.16.1/lib/vscode/out/vs/workbench/api/node/extensionHostProcess.js:72:16976)
	at i.value (/usr/local/lib/code-server-4.16.1/lib/vscode/out/vs/workbench/api/node/extensionHostProcess.js:72:15428)
	at v.w (/usr/local/lib/code-server-4.16.1/lib/vscode/out/vs/workbench/api/node/extensionHostProcess.js:60:1902)
	at v.fire (/usr/local/lib/code-server-4.16.1/lib/vscode/out/vs/workbench/api/node/extensionHostProcess.js:60:2119)
	at i.acceptChunk (/usr/local/lib/code-server-4.16.1/lib/vscode/out/vs/workbench/api/node/extensionHostProcess.js:72:11705)
	at i.value (/usr/local/lib/code-server-4.16.1/lib/vscode/out/vs/workbench/api/node/extensionHostProcess.js:72:10992)
	at v.w (/usr/local/lib/code-server-4.16.1/lib/vscode/out/vs/workbench/api/node/extensionHostProcess.js:60:1902)
	at v.fire (/usr/local/lib/code-server-4.16.1/lib/vscode/out/vs/workbench/api/node/extensionHostProcess.js:60:2119)
	at v.u (/usr/local/lib/code-server-4.16.1/lib/vscode/out/vs/workbench/api/node/extensionHostProcess.js:127:19064)
2024-12-04 18:11:00.708 [error] [vscode.emmet] provider FAILED
2024-12-04 18:11:00.708 [error] TypeError: Cannot read properties of undefined (reading 'find')
	at t.$Zgc.b (/usr/local/lib/code-server-4.16.1/lib/vscode/extensions/emmet/dist/node/emmetNodeMain.js:1:129955)
	at t.$Zgc.provideCompletionItems (/usr/local/lib/code-server-4.16.1/lib/vscode/extensions/emmet/dist/node/emmetNodeMain.js:1:128584)
	at H.provideCompletionItems (/usr/local/lib/code-server-4.16.1/lib/vscode/out/vs/workbench/api/node/extensionHostProcess.js:101:50314)
	at /usr/local/lib/code-server-4.16.1/lib/vscode/out/vs/workbench/api/node/extensionHostProcess.js:101:70955
	at se.s (/usr/local/lib/code-server-4.16.1/lib/vscode/out/vs/workbench/api/node/extensionHostProcess.js:101:62837)
	at se.$provideCompletionItems (/usr/local/lib/code-server-4.16.1/lib/vscode/out/vs/workbench/api/node/extensionHostProcess.js:101:70942)
	at t.N (/usr/local/lib/code-server-4.16.1/lib/vscode/out/vs/workbench/api/node/extensionHostProcess.js:111:11199)
	at t.M (/usr/local/lib/code-server-4.16.1/lib/vscode/out/vs/workbench/api/node/extensionHostProcess.js:111:10965)
	at t.H (/usr/local/lib/code-server-4.16.1/lib/vscode/out/vs/workbench/api/node/extensionHostProcess.js:111:10007)
	at t.G (/usr/local/lib/code-server-4.16.1/lib/vscode/out/vs/workbench/api/node/extensionHostProcess.js:111:9122)
	at i.value (/usr/local/lib/code-server-4.16.1/lib/vscode/out/vs/workbench/api/node/extensionHostProcess.js:111:7952)
	at v.w (/usr/local/lib/code-server-4.16.1/lib/vscode/out/vs/workbench/api/node/extensionHostProcess.js:60:1902)
	at v.fire (/usr/local/lib/code-server-4.16.1/lib/vscode/out/vs/workbench/api/node/extensionHostProcess.js:60:2119)
	at fire (/usr/local/lib/code-server-4.16.1/lib/vscode/out/vs/workbench/api/node/extensionHostProcess.js:72:13931)
	at i.value (/usr/local/lib/code-server-4.16.1/lib/vscode/out/vs/workbench/api/node/extensionHostProcess.js:127:30923)
	at v.w (/usr/local/lib/code-server-4.16.1/lib/vscode/out/vs/workbench/api/node/extensionHostProcess.js:60:1902)
	at v.fire (/usr/local/lib/code-server-4.16.1/lib/vscode/out/vs/workbench/api/node/extensionHostProcess.js:60:2119)
	at fire (/usr/local/lib/code-server-4.16.1/lib/vscode/out/vs/workbench/api/node/extensionHostProcess.js:72:13931)
	at s.z (/usr/local/lib/code-server-4.16.1/lib/vscode/out/vs/workbench/api/node/extensionHostProcess.js:72:16976)
	at i.value (/usr/local/lib/code-server-4.16.1/lib/vscode/out/vs/workbench/api/node/extensionHostProcess.js:72:15428)
	at v.w (/usr/local/lib/code-server-4.16.1/lib/vscode/out/vs/workbench/api/node/extensionHostProcess.js:60:1902)
	at v.fire (/usr/local/lib/code-server-4.16.1/lib/vscode/out/vs/workbench/api/node/extensionHostProcess.js:60:2119)
	at i.acceptChunk (/usr/local/lib/code-server-4.16.1/lib/vscode/out/vs/workbench/api/node/extensionHostProcess.js:72:11705)
	at i.value (/usr/local/lib/code-server-4.16.1/lib/vscode/out/vs/workbench/api/node/extensionHostProcess.js:72:10992)
	at v.w (/usr/local/lib/code-server-4.16.1/lib/vscode/out/vs/workbench/api/node/extensionHostProcess.js:60:1902)
	at v.fire (/usr/local/lib/code-server-4.16.1/lib/vscode/out/vs/workbench/api/node/extensionHostProcess.js:60:2119)
	at v.u (/usr/local/lib/code-server-4.16.1/lib/vscode/out/vs/workbench/api/node/extensionHostProcess.js:127:19064)
2024-12-04 18:11:05.302 [error] [ecmel.vscode-html-css] provider FAILED
2024-12-04 18:11:05.302 [error] undefined
2024-12-04 18:11:27.798 [error] [ecmel.vscode-html-css] provider FAILED
2024-12-04 18:11:27.798 [error] undefined
2024-12-04 18:11:34.903 [error] [vscode.emmet] provider FAILED
2024-12-04 18:11:34.904 [error] TypeError: Cannot read properties of undefined (reading 'find')
	at t.$Zgc.b (/usr/local/lib/code-server-4.16.1/lib/vscode/extensions/emmet/dist/node/emmetNodeMain.js:1:129955)
	at t.$Zgc.provideCompletionItems (/usr/local/lib/code-server-4.16.1/lib/vscode/extensions/emmet/dist/node/emmetNodeMain.js:1:128584)
	at H.provideCompletionItems (/usr/local/lib/code-server-4.16.1/lib/vscode/out/vs/workbench/api/node/extensionHostProcess.js:101:50314)
	at /usr/local/lib/code-server-4.16.1/lib/vscode/out/vs/workbench/api/node/extensionHostProcess.js:101:70955
	at se.s (/usr/local/lib/code-server-4.16.1/lib/vscode/out/vs/workbench/api/node/extensionHostProcess.js:101:62837)
	at se.$provideCompletionItems (/usr/local/lib/code-server-4.16.1/lib/vscode/out/vs/workbench/api/node/extensionHostProcess.js:101:70942)
	at t.N (/usr/local/lib/code-server-4.16.1/lib/vscode/out/vs/workbench/api/node/extensionHostProcess.js:111:11199)
	at t.M (/usr/local/lib/code-server-4.16.1/lib/vscode/out/vs/workbench/api/node/extensionHostProcess.js:111:10965)
	at t.H (/usr/local/lib/code-server-4.16.1/lib/vscode/out/vs/workbench/api/node/extensionHostProcess.js:111:10007)
	at t.G (/usr/local/lib/code-server-4.16.1/lib/vscode/out/vs/workbench/api/node/extensionHostProcess.js:111:9122)
	at i.value (/usr/local/lib/code-server-4.16.1/lib/vscode/out/vs/workbench/api/node/extensionHostProcess.js:111:7952)
	at v.w (/usr/local/lib/code-server-4.16.1/lib/vscode/out/vs/workbench/api/node/extensionHostProcess.js:60:1902)
	at v.fire (/usr/local/lib/code-server-4.16.1/lib/vscode/out/vs/workbench/api/node/extensionHostProcess.js:60:2119)
	at fire (/usr/local/lib/code-server-4.16.1/lib/vscode/out/vs/workbench/api/node/extensionHostProcess.js:72:13931)
	at i.value (/usr/local/lib/code-server-4.16.1/lib/vscode/out/vs/workbench/api/node/extensionHostProcess.js:127:30923)
	at v.w (/usr/local/lib/code-server-4.16.1/lib/vscode/out/vs/workbench/api/node/extensionHostProcess.js:60:1902)
	at v.fire (/usr/local/lib/code-server-4.16.1/lib/vscode/out/vs/workbench/api/node/extensionHostProcess.js:60:2119)
	at fire (/usr/local/lib/code-server-4.16.1/lib/vscode/out/vs/workbench/api/node/extensionHostProcess.js:72:13931)
	at s.z (/usr/local/lib/code-server-4.16.1/lib/vscode/out/vs/workbench/api/node/extensionHostProcess.js:72:16976)
	at i.value (/usr/local/lib/code-server-4.16.1/lib/vscode/out/vs/workbench/api/node/extensionHostProcess.js:72:15428)
	at v.w (/usr/local/lib/code-server-4.16.1/lib/vscode/out/vs/workbench/api/node/extensionHostProcess.js:60:1902)
	at v.fire (/usr/local/lib/code-server-4.16.1/lib/vscode/out/vs/workbench/api/node/extensionHostProcess.js:60:2119)
	at i.acceptChunk (/usr/local/lib/code-server-4.16.1/lib/vscode/out/vs/workbench/api/node/extensionHostProcess.js:72:11705)
	at i.value (/usr/local/lib/code-server-4.16.1/lib/vscode/out/vs/workbench/api/node/extensionHostProcess.js:72:10992)
	at v.w (/usr/local/lib/code-server-4.16.1/lib/vscode/out/vs/workbench/api/node/extensionHostProcess.js:60:1902)
	at v.fire (/usr/local/lib/code-server-4.16.1/lib/vscode/out/vs/workbench/api/node/extensionHostProcess.js:60:2119)
	at v.u (/usr/local/lib/code-server-4.16.1/lib/vscode/out/vs/workbench/api/node/extensionHostProcess.js:127:19064)
2024-12-04 18:11:39.693 [error] [ecmel.vscode-html-css] provider FAILED
2024-12-04 18:11:39.693 [error] undefined
2024-12-04 18:12:36.863 [error] [vscode.emmet] provider FAILED
2024-12-04 18:12:36.864 [error] TypeError: Cannot read properties of undefined (reading 'find')
	at t.$Zgc.b (/usr/local/lib/code-server-4.16.1/lib/vscode/extensions/emmet/dist/node/emmetNodeMain.js:1:129955)
	at t.$Zgc.provideCompletionItems (/usr/local/lib/code-server-4.16.1/lib/vscode/extensions/emmet/dist/node/emmetNodeMain.js:1:128584)
	at H.provideCompletionItems (/usr/local/lib/code-server-4.16.1/lib/vscode/out/vs/workbench/api/node/extensionHostProcess.js:101:50314)
	at /usr/local/lib/code-server-4.16.1/lib/vscode/out/vs/workbench/api/node/extensionHostProcess.js:101:70955
	at se.s (/usr/local/lib/code-server-4.16.1/lib/vscode/out/vs/workbench/api/node/extensionHostProcess.js:101:62837)
	at se.$provideCompletionItems (/usr/local/lib/code-server-4.16.1/lib/vscode/out/vs/workbench/api/node/extensionHostProcess.js:101:70942)
	at t.N (/usr/local/lib/code-server-4.16.1/lib/vscode/out/vs/workbench/api/node/extensionHostProcess.js:111:11199)
	at t.M (/usr/local/lib/code-server-4.16.1/lib/vscode/out/vs/workbench/api/node/extensionHostProcess.js:111:10965)
	at t.H (/usr/local/lib/code-server-4.16.1/lib/vscode/out/vs/workbench/api/node/extensionHostProcess.js:111:10007)
	at t.G (/usr/local/lib/code-server-4.16.1/lib/vscode/out/vs/workbench/api/node/extensionHostProcess.js:111:9122)
	at i.value (/usr/local/lib/code-server-4.16.1/lib/vscode/out/vs/workbench/api/node/extensionHostProcess.js:111:7952)
	at v.w (/usr/local/lib/code-server-4.16.1/lib/vscode/out/vs/workbench/api/node/extensionHostProcess.js:60:1902)
	at v.fire (/usr/local/lib/code-server-4.16.1/lib/vscode/out/vs/workbench/api/node/extensionHostProcess.js:60:2119)
	at fire (/usr/local/lib/code-server-4.16.1/lib/vscode/out/vs/workbench/api/node/extensionHostProcess.js:72:13931)
	at i.value (/usr/local/lib/code-server-4.16.1/lib/vscode/out/vs/workbench/api/node/extensionHostProcess.js:127:30923)
	at v.w (/usr/local/lib/code-server-4.16.1/lib/vscode/out/vs/workbench/api/node/extensionHostProcess.js:60:1902)
	at v.fire (/usr/local/lib/code-server-4.16.1/lib/vscode/out/vs/workbench/api/node/extensionHostProcess.js:60:2119)
	at fire (/usr/local/lib/code-server-4.16.1/lib/vscode/out/vs/workbench/api/node/extensionHostProcess.js:72:13931)
	at s.z (/usr/local/lib/code-server-4.16.1/lib/vscode/out/vs/workbench/api/node/extensionHostProcess.js:72:16976)
	at i.value (/usr/local/lib/code-server-4.16.1/lib/vscode/out/vs/workbench/api/node/extensionHostProcess.js:72:15428)
	at v.w (/usr/local/lib/code-server-4.16.1/lib/vscode/out/vs/workbench/api/node/extensionHostProcess.js:60:1902)
	at v.fire (/usr/local/lib/code-server-4.16.1/lib/vscode/out/vs/workbench/api/node/extensionHostProcess.js:60:2119)
	at i.acceptChunk (/usr/local/lib/code-server-4.16.1/lib/vscode/out/vs/workbench/api/node/extensionHostProcess.js:72:11705)
	at i.value (/usr/local/lib/code-server-4.16.1/lib/vscode/out/vs/workbench/api/node/extensionHostProcess.js:72:10992)
	at v.w (/usr/local/lib/code-server-4.16.1/lib/vscode/out/vs/workbench/api/node/extensionHostProcess.js:60:1902)
	at v.fire (/usr/local/lib/code-server-4.16.1/lib/vscode/out/vs/workbench/api/node/extensionHostProcess.js:60:2119)
	at v.u (/usr/local/lib/code-server-4.16.1/lib/vscode/out/vs/workbench/api/node/extensionHostProcess.js:127:19064)
2024-12-04 18:12:43.884 [error] [vscode.emmet] provider FAILED
2024-12-04 18:12:43.884 [error] TypeError: Cannot read properties of undefined (reading 'find')
	at t.$Zgc.b (/usr/local/lib/code-server-4.16.1/lib/vscode/extensions/emmet/dist/node/emmetNodeMain.js:1:129955)
	at t.$Zgc.provideCompletionItems (/usr/local/lib/code-server-4.16.1/lib/vscode/extensions/emmet/dist/node/emmetNodeMain.js:1:128584)
	at H.provideCompletionItems (/usr/local/lib/code-server-4.16.1/lib/vscode/out/vs/workbench/api/node/extensionHostProcess.js:101:50314)
	at /usr/local/lib/code-server-4.16.1/lib/vscode/out/vs/workbench/api/node/extensionHostProcess.js:101:70955
	at se.s (/usr/local/lib/code-server-4.16.1/lib/vscode/out/vs/workbench/api/node/extensionHostProcess.js:101:62837)
	at se.$provideCompletionItems (/usr/local/lib/code-server-4.16.1/lib/vscode/out/vs/workbench/api/node/extensionHostProcess.js:101:70942)
	at t.N (/usr/local/lib/code-server-4.16.1/lib/vscode/out/vs/workbench/api/node/extensionHostProcess.js:111:11199)
	at t.M (/usr/local/lib/code-server-4.16.1/lib/vscode/out/vs/workbench/api/node/extensionHostProcess.js:111:10965)
	at t.H (/usr/local/lib/code-server-4.16.1/lib/vscode/out/vs/workbench/api/node/extensionHostProcess.js:111:10007)
	at t.G (/usr/local/lib/code-server-4.16.1/lib/vscode/out/vs/workbench/api/node/extensionHostProcess.js:111:9122)
	at i.value (/usr/local/lib/code-server-4.16.1/lib/vscode/out/vs/workbench/api/node/extensionHostProcess.js:111:7952)
	at v.w (/usr/local/lib/code-server-4.16.1/lib/vscode/out/vs/workbench/api/node/extensionHostProcess.js:60:1902)
	at v.fire (/usr/local/lib/code-server-4.16.1/lib/vscode/out/vs/workbench/api/node/extensionHostProcess.js:60:2119)
	at fire (/usr/local/lib/code-server-4.16.1/lib/vscode/out/vs/workbench/api/node/extensionHostProcess.js:72:13931)
	at i.value (/usr/local/lib/code-server-4.16.1/lib/vscode/out/vs/workbench/api/node/extensionHostProcess.js:127:30923)
	at v.w (/usr/local/lib/code-server-4.16.1/lib/vscode/out/vs/workbench/api/node/extensionHostProcess.js:60:1902)
	at v.fire (/usr/local/lib/code-server-4.16.1/lib/vscode/out/vs/workbench/api/node/extensionHostProcess.js:60:2119)
	at fire (/usr/local/lib/code-server-4.16.1/lib/vscode/out/vs/workbench/api/node/extensionHostProcess.js:72:13931)
	at s.z (/usr/local/lib/code-server-4.16.1/lib/vscode/out/vs/workbench/api/node/extensionHostProcess.js:72:16976)
	at i.value (/usr/local/lib/code-server-4.16.1/lib/vscode/out/vs/workbench/api/node/extensionHostProcess.js:72:15428)
	at v.w (/usr/local/lib/code-server-4.16.1/lib/vscode/out/vs/workbench/api/node/extensionHostProcess.js:60:1902)
	at v.fire (/usr/local/lib/code-server-4.16.1/lib/vscode/out/vs/workbench/api/node/extensionHostProcess.js:60:2119)
	at i.acceptChunk (/usr/local/lib/code-server-4.16.1/lib/vscode/out/vs/workbench/api/node/extensionHostProcess.js:72:11705)
	at i.value (/usr/local/lib/code-server-4.16.1/lib/vscode/out/vs/workbench/api/node/extensionHostProcess.js:72:10992)
	at v.w (/usr/local/lib/code-server-4.16.1/lib/vscode/out/vs/workbench/api/node/extensionHostProcess.js:60:1902)
	at v.fire (/usr/local/lib/code-server-4.16.1/lib/vscode/out/vs/workbench/api/node/extensionHostProcess.js:60:2119)
	at v.u (/usr/local/lib/code-server-4.16.1/lib/vscode/out/vs/workbench/api/node/extensionHostProcess.js:127:19064)
2024-12-04 18:13:43.969 [error] [vscode.emmet] provider FAILED
2024-12-04 18:13:43.970 [error] TypeError: Cannot read properties of undefined (reading 'find')
	at t.$Zgc.b (/usr/local/lib/code-server-4.16.1/lib/vscode/extensions/emmet/dist/node/emmetNodeMain.js:1:129955)
	at t.$Zgc.provideCompletionItems (/usr/local/lib/code-server-4.16.1/lib/vscode/extensions/emmet/dist/node/emmetNodeMain.js:1:128584)
	at H.provideCompletionItems (/usr/local/lib/code-server-4.16.1/lib/vscode/out/vs/workbench/api/node/extensionHostProcess.js:101:50314)
	at /usr/local/lib/code-server-4.16.1/lib/vscode/out/vs/workbench/api/node/extensionHostProcess.js:101:70955
	at se.s (/usr/local/lib/code-server-4.16.1/lib/vscode/out/vs/workbench/api/node/extensionHostProcess.js:101:62837)
	at se.$provideCompletionItems (/usr/local/lib/code-server-4.16.1/lib/vscode/out/vs/workbench/api/node/extensionHostProcess.js:101:70942)
	at t.N (/usr/local/lib/code-server-4.16.1/lib/vscode/out/vs/workbench/api/node/extensionHostProcess.js:111:11199)
	at t.M (/usr/local/lib/code-server-4.16.1/lib/vscode/out/vs/workbench/api/node/extensionHostProcess.js:111:10965)
	at t.H (/usr/local/lib/code-server-4.16.1/lib/vscode/out/vs/workbench/api/node/extensionHostProcess.js:111:10007)
	at t.G (/usr/local/lib/code-server-4.16.1/lib/vscode/out/vs/workbench/api/node/extensionHostProcess.js:111:9122)
	at i.value (/usr/local/lib/code-server-4.16.1/lib/vscode/out/vs/workbench/api/node/extensionHostProcess.js:111:7952)
	at v.w (/usr/local/lib/code-server-4.16.1/lib/vscode/out/vs/workbench/api/node/extensionHostProcess.js:60:1902)
	at v.fire (/usr/local/lib/code-server-4.16.1/lib/vscode/out/vs/workbench/api/node/extensionHostProcess.js:60:2119)
	at fire (/usr/local/lib/code-server-4.16.1/lib/vscode/out/vs/workbench/api/node/extensionHostProcess.js:72:13931)
	at i.value (/usr/local/lib/code-server-4.16.1/lib/vscode/out/vs/workbench/api/node/extensionHostProcess.js:127:30923)
	at v.w (/usr/local/lib/code-server-4.16.1/lib/vscode/out/vs/workbench/api/node/extensionHostProcess.js:60:1902)
	at v.fire (/usr/local/lib/code-server-4.16.1/lib/vscode/out/vs/workbench/api/node/extensionHostProcess.js:60:2119)
	at fire (/usr/local/lib/code-server-4.16.1/lib/vscode/out/vs/workbench/api/node/extensionHostProcess.js:72:13931)
	at s.z (/usr/local/lib/code-server-4.16.1/lib/vscode/out/vs/workbench/api/node/extensionHostProcess.js:72:16976)
	at i.value (/usr/local/lib/code-server-4.16.1/lib/vscode/out/vs/workbench/api/node/extensionHostProcess.js:72:15428)
	at v.w (/usr/local/lib/code-server-4.16.1/lib/vscode/out/vs/workbench/api/node/extensionHostProcess.js:60:1902)
	at v.fire (/usr/local/lib/code-server-4.16.1/lib/vscode/out/vs/workbench/api/node/extensionHostProcess.js:60:2119)
	at i.acceptChunk (/usr/local/lib/code-server-4.16.1/lib/vscode/out/vs/workbench/api/node/extensionHostProcess.js:72:11705)
	at i.value (/usr/local/lib/code-server-4.16.1/lib/vscode/out/vs/workbench/api/node/extensionHostProcess.js:72:10992)
	at v.w (/usr/local/lib/code-server-4.16.1/lib/vscode/out/vs/workbench/api/node/extensionHostProcess.js:60:1902)
	at v.fire (/usr/local/lib/code-server-4.16.1/lib/vscode/out/vs/workbench/api/node/extensionHostProcess.js:60:2119)
	at v.u (/usr/local/lib/code-server-4.16.1/lib/vscode/out/vs/workbench/api/node/extensionHostProcess.js:127:19064)
2024-12-04 18:13:51.818 [error] [vscode.emmet] provider FAILED
2024-12-04 18:13:51.818 [error] TypeError: Cannot read properties of undefined (reading 'find')
	at t.$Zgc.b (/usr/local/lib/code-server-4.16.1/lib/vscode/extensions/emmet/dist/node/emmetNodeMain.js:1:129955)
	at t.$Zgc.provideCompletionItems (/usr/local/lib/code-server-4.16.1/lib/vscode/extensions/emmet/dist/node/emmetNodeMain.js:1:128584)
	at H.provideCompletionItems (/usr/local/lib/code-server-4.16.1/lib/vscode/out/vs/workbench/api/node/extensionHostProcess.js:101:50314)
	at /usr/local/lib/code-server-4.16.1/lib/vscode/out/vs/workbench/api/node/extensionHostProcess.js:101:70955
	at se.s (/usr/local/lib/code-server-4.16.1/lib/vscode/out/vs/workbench/api/node/extensionHostProcess.js:101:62837)
	at se.$provideCompletionItems (/usr/local/lib/code-server-4.16.1/lib/vscode/out/vs/workbench/api/node/extensionHostProcess.js:101:70942)
	at t.N (/usr/local/lib/code-server-4.16.1/lib/vscode/out/vs/workbench/api/node/extensionHostProcess.js:111:11199)
	at t.M (/usr/local/lib/code-server-4.16.1/lib/vscode/out/vs/workbench/api/node/extensionHostProcess.js:111:10965)
	at t.H (/usr/local/lib/code-server-4.16.1/lib/vscode/out/vs/workbench/api/node/extensionHostProcess.js:111:10007)
	at t.G (/usr/local/lib/code-server-4.16.1/lib/vscode/out/vs/workbench/api/node/extensionHostProcess.js:111:9122)
	at i.value (/usr/local/lib/code-server-4.16.1/lib/vscode/out/vs/workbench/api/node/extensionHostProcess.js:111:7952)
	at v.w (/usr/local/lib/code-server-4.16.1/lib/vscode/out/vs/workbench/api/node/extensionHostProcess.js:60:1902)
	at v.fire (/usr/local/lib/code-server-4.16.1/lib/vscode/out/vs/workbench/api/node/extensionHostProcess.js:60:2119)
	at fire (/usr/local/lib/code-server-4.16.1/lib/vscode/out/vs/workbench/api/node/extensionHostProcess.js:72:13931)
	at i.value (/usr/local/lib/code-server-4.16.1/lib/vscode/out/vs/workbench/api/node/extensionHostProcess.js:127:30923)
	at v.w (/usr/local/lib/code-server-4.16.1/lib/vscode/out/vs/workbench/api/node/extensionHostProcess.js:60:1902)
	at v.fire (/usr/local/lib/code-server-4.16.1/lib/vscode/out/vs/workbench/api/node/extensionHostProcess.js:60:2119)
	at fire (/usr/local/lib/code-server-4.16.1/lib/vscode/out/vs/workbench/api/node/extensionHostProcess.js:72:13931)
	at s.z (/usr/local/lib/code-server-4.16.1/lib/vscode/out/vs/workbench/api/node/extensionHostProcess.js:72:16976)
	at i.value (/usr/local/lib/code-server-4.16.1/lib/vscode/out/vs/workbench/api/node/extensionHostProcess.js:72:15428)
	at v.w (/usr/local/lib/code-server-4.16.1/lib/vscode/out/vs/workbench/api/node/extensionHostProcess.js:60:1902)
	at v.fire (/usr/local/lib/code-server-4.16.1/lib/vscode/out/vs/workbench/api/node/extensionHostProcess.js:60:2119)
	at i.acceptChunk (/usr/local/lib/code-server-4.16.1/lib/vscode/out/vs/workbench/api/node/extensionHostProcess.js:72:11705)
	at i.value (/usr/local/lib/code-server-4.16.1/lib/vscode/out/vs/workbench/api/node/extensionHostProcess.js:72:10992)
	at v.w (/usr/local/lib/code-server-4.16.1/lib/vscode/out/vs/workbench/api/node/extensionHostProcess.js:60:1902)
	at v.fire (/usr/local/lib/code-server-4.16.1/lib/vscode/out/vs/workbench/api/node/extensionHostProcess.js:60:2119)
	at v.u (/usr/local/lib/code-server-4.16.1/lib/vscode/out/vs/workbench/api/node/extensionHostProcess.js:127:19064)
2024-12-04 18:16:40.894 [error] [vscode.emmet] provider FAILED
2024-12-04 18:16:40.895 [error] TypeError: Cannot read properties of undefined (reading 'find')
	at t.$Zgc.b (/usr/local/lib/code-server-4.16.1/lib/vscode/extensions/emmet/dist/node/emmetNodeMain.js:1:129955)
	at t.$Zgc.provideCompletionItems (/usr/local/lib/code-server-4.16.1/lib/vscode/extensions/emmet/dist/node/emmetNodeMain.js:1:128584)
	at H.provideCompletionItems (/usr/local/lib/code-server-4.16.1/lib/vscode/out/vs/workbench/api/node/extensionHostProcess.js:101:50314)
	at /usr/local/lib/code-server-4.16.1/lib/vscode/out/vs/workbench/api/node/extensionHostProcess.js:101:70955
	at se.s (/usr/local/lib/code-server-4.16.1/lib/vscode/out/vs/workbench/api/node/extensionHostProcess.js:101:62837)
	at se.$provideCompletionItems (/usr/local/lib/code-server-4.16.1/lib/vscode/out/vs/workbench/api/node/extensionHostProcess.js:101:70942)
	at t.N (/usr/local/lib/code-server-4.16.1/lib/vscode/out/vs/workbench/api/node/extensionHostProcess.js:111:11199)
	at t.M (/usr/local/lib/code-server-4.16.1/lib/vscode/out/vs/workbench/api/node/extensionHostProcess.js:111:10965)
	at t.H (/usr/local/lib/code-server-4.16.1/lib/vscode/out/vs/workbench/api/node/extensionHostProcess.js:111:10007)
	at t.G (/usr/local/lib/code-server-4.16.1/lib/vscode/out/vs/workbench/api/node/extensionHostProcess.js:111:9122)
	at i.value (/usr/local/lib/code-server-4.16.1/lib/vscode/out/vs/workbench/api/node/extensionHostProcess.js:111:7952)
	at v.w (/usr/local/lib/code-server-4.16.1/lib/vscode/out/vs/workbench/api/node/extensionHostProcess.js:60:1902)
	at v.fire (/usr/local/lib/code-server-4.16.1/lib/vscode/out/vs/workbench/api/node/extensionHostProcess.js:60:2119)
	at fire (/usr/local/lib/code-server-4.16.1/lib/vscode/out/vs/workbench/api/node/extensionHostProcess.js:72:13931)
	at i.value (/usr/local/lib/code-server-4.16.1/lib/vscode/out/vs/workbench/api/node/extensionHostProcess.js:127:30923)
	at v.w (/usr/local/lib/code-server-4.16.1/lib/vscode/out/vs/workbench/api/node/extensionHostProcess.js:60:1902)
	at v.fire (/usr/local/lib/code-server-4.16.1/lib/vscode/out/vs/workbench/api/node/extensionHostProcess.js:60:2119)
	at fire (/usr/local/lib/code-server-4.16.1/lib/vscode/out/vs/workbench/api/node/extensionHostProcess.js:72:13931)
	at s.z (/usr/local/lib/code-server-4.16.1/lib/vscode/out/vs/workbench/api/node/extensionHostProcess.js:72:16976)
	at i.value (/usr/local/lib/code-server-4.16.1/lib/vscode/out/vs/workbench/api/node/extensionHostProcess.js:72:15428)
	at v.w (/usr/local/lib/code-server-4.16.1/lib/vscode/out/vs/workbench/api/node/extensionHostProcess.js:60:1902)
	at v.fire (/usr/local/lib/code-server-4.16.1/lib/vscode/out/vs/workbench/api/node/extensionHostProcess.js:60:2119)
	at i.acceptChunk (/usr/local/lib/code-server-4.16.1/lib/vscode/out/vs/workbench/api/node/extensionHostProcess.js:72:11705)
	at i.value (/usr/local/lib/code-server-4.16.1/lib/vscode/out/vs/workbench/api/node/extensionHostProcess.js:72:10992)
	at v.w (/usr/local/lib/code-server-4.16.1/lib/vscode/out/vs/workbench/api/node/extensionHostProcess.js:60:1902)
	at v.fire (/usr/local/lib/code-server-4.16.1/lib/vscode/out/vs/workbench/api/node/extensionHostProcess.js:60:2119)
	at v.u (/usr/local/lib/code-server-4.16.1/lib/vscode/out/vs/workbench/api/node/extensionHostProcess.js:127:19064)
2024-12-04 18:17:00.655 [error] [ecmel.vscode-html-css] provider FAILED
2024-12-04 18:17:00.655 [error] undefined
2024-12-04 18:17:09.806 [error] [vscode.emmet] provider FAILED
2024-12-04 18:17:09.807 [error] TypeError: Cannot read properties of undefined (reading 'find')
	at t.$Zgc.b (/usr/local/lib/code-server-4.16.1/lib/vscode/extensions/emmet/dist/node/emmetNodeMain.js:1:129955)
	at t.$Zgc.provideCompletionItems (/usr/local/lib/code-server-4.16.1/lib/vscode/extensions/emmet/dist/node/emmetNodeMain.js:1:128584)
	at H.provideCompletionItems (/usr/local/lib/code-server-4.16.1/lib/vscode/out/vs/workbench/api/node/extensionHostProcess.js:101:50314)
	at /usr/local/lib/code-server-4.16.1/lib/vscode/out/vs/workbench/api/node/extensionHostProcess.js:101:70955
	at se.s (/usr/local/lib/code-server-4.16.1/lib/vscode/out/vs/workbench/api/node/extensionHostProcess.js:101:62837)
	at se.$provideCompletionItems (/usr/local/lib/code-server-4.16.1/lib/vscode/out/vs/workbench/api/node/extensionHostProcess.js:101:70942)
	at t.N (/usr/local/lib/code-server-4.16.1/lib/vscode/out/vs/workbench/api/node/extensionHostProcess.js:111:11199)
	at t.M (/usr/local/lib/code-server-4.16.1/lib/vscode/out/vs/workbench/api/node/extensionHostProcess.js:111:10965)
	at t.H (/usr/local/lib/code-server-4.16.1/lib/vscode/out/vs/workbench/api/node/extensionHostProcess.js:111:10007)
	at t.G (/usr/local/lib/code-server-4.16.1/lib/vscode/out/vs/workbench/api/node/extensionHostProcess.js:111:9122)
	at i.value (/usr/local/lib/code-server-4.16.1/lib/vscode/out/vs/workbench/api/node/extensionHostProcess.js:111:7952)
	at v.w (/usr/local/lib/code-server-4.16.1/lib/vscode/out/vs/workbench/api/node/extensionHostProcess.js:60:1902)
	at v.fire (/usr/local/lib/code-server-4.16.1/lib/vscode/out/vs/workbench/api/node/extensionHostProcess.js:60:2119)
	at fire (/usr/local/lib/code-server-4.16.1/lib/vscode/out/vs/workbench/api/node/extensionHostProcess.js:72:13931)
	at i.value (/usr/local/lib/code-server-4.16.1/lib/vscode/out/vs/workbench/api/node/extensionHostProcess.js:127:30923)
	at v.w (/usr/local/lib/code-server-4.16.1/lib/vscode/out/vs/workbench/api/node/extensionHostProcess.js:60:1902)
	at v.fire (/usr/local/lib/code-server-4.16.1/lib/vscode/out/vs/workbench/api/node/extensionHostProcess.js:60:2119)
	at fire (/usr/local/lib/code-server-4.16.1/lib/vscode/out/vs/workbench/api/node/extensionHostProcess.js:72:13931)
	at s.z (/usr/local/lib/code-server-4.16.1/lib/vscode/out/vs/workbench/api/node/extensionHostProcess.js:72:16976)
	at i.value (/usr/local/lib/code-server-4.16.1/lib/vscode/out/vs/workbench/api/node/extensionHostProcess.js:72:15428)
	at v.w (/usr/local/lib/code-server-4.16.1/lib/vscode/out/vs/workbench/api/node/extensionHostProcess.js:60:1902)
	at v.fire (/usr/local/lib/code-server-4.16.1/lib/vscode/out/vs/workbench/api/node/extensionHostProcess.js:60:2119)
	at i.acceptChunk (/usr/local/lib/code-server-4.16.1/lib/vscode/out/vs/workbench/api/node/extensionHostProcess.js:72:11705)
	at i.value (/usr/local/lib/code-server-4.16.1/lib/vscode/out/vs/workbench/api/node/extensionHostProcess.js:72:10992)
	at v.w (/usr/local/lib/code-server-4.16.1/lib/vscode/out/vs/workbench/api/node/extensionHostProcess.js:60:1902)
	at v.fire (/usr/local/lib/code-server-4.16.1/lib/vscode/out/vs/workbench/api/node/extensionHostProcess.js:60:2119)
	at v.u (/usr/local/lib/code-server-4.16.1/lib/vscode/out/vs/workbench/api/node/extensionHostProcess.js:127:19064)
2024-12-04 18:17:47.222 [error] [vscode.emmet] provider FAILED
2024-12-04 18:17:47.222 [error] TypeError: Cannot read properties of undefined (reading 'find')
	at t.$Zgc.b (/usr/local/lib/code-server-4.16.1/lib/vscode/extensions/emmet/dist/node/emmetNodeMain.js:1:129955)
	at t.$Zgc.provideCompletionItems (/usr/local/lib/code-server-4.16.1/lib/vscode/extensions/emmet/dist/node/emmetNodeMain.js:1:128584)
	at H.provideCompletionItems (/usr/local/lib/code-server-4.16.1/lib/vscode/out/vs/workbench/api/node/extensionHostProcess.js:101:50314)
	at /usr/local/lib/code-server-4.16.1/lib/vscode/out/vs/workbench/api/node/extensionHostProcess.js:101:70955
	at se.s (/usr/local/lib/code-server-4.16.1/lib/vscode/out/vs/workbench/api/node/extensionHostProcess.js:101:62837)
	at se.$provideCompletionItems (/usr/local/lib/code-server-4.16.1/lib/vscode/out/vs/workbench/api/node/extensionHostProcess.js:101:70942)
	at t.N (/usr/local/lib/code-server-4.16.1/lib/vscode/out/vs/workbench/api/node/extensionHostProcess.js:111:11199)
	at t.M (/usr/local/lib/code-server-4.16.1/lib/vscode/out/vs/workbench/api/node/extensionHostProcess.js:111:10965)
	at t.H (/usr/local/lib/code-server-4.16.1/lib/vscode/out/vs/workbench/api/node/extensionHostProcess.js:111:10007)
	at t.G (/usr/local/lib/code-server-4.16.1/lib/vscode/out/vs/workbench/api/node/extensionHostProcess.js:111:9122)
	at i.value (/usr/local/lib/code-server-4.16.1/lib/vscode/out/vs/workbench/api/node/extensionHostProcess.js:111:7952)
	at v.w (/usr/local/lib/code-server-4.16.1/lib/vscode/out/vs/workbench/api/node/extensionHostProcess.js:60:1902)
	at v.fire (/usr/local/lib/code-server-4.16.1/lib/vscode/out/vs/workbench/api/node/extensionHostProcess.js:60:2119)
	at fire (/usr/local/lib/code-server-4.16.1/lib/vscode/out/vs/workbench/api/node/extensionHostProcess.js:72:13931)
	at i.value (/usr/local/lib/code-server-4.16.1/lib/vscode/out/vs/workbench/api/node/extensionHostProcess.js:127:30923)
	at v.w (/usr/local/lib/code-server-4.16.1/lib/vscode/out/vs/workbench/api/node/extensionHostProcess.js:60:1902)
	at v.fire (/usr/local/lib/code-server-4.16.1/lib/vscode/out/vs/workbench/api/node/extensionHostProcess.js:60:2119)
	at fire (/usr/local/lib/code-server-4.16.1/lib/vscode/out/vs/workbench/api/node/extensionHostProcess.js:72:13931)
	at s.z (/usr/local/lib/code-server-4.16.1/lib/vscode/out/vs/workbench/api/node/extensionHostProcess.js:72:16976)
	at i.value (/usr/local/lib/code-server-4.16.1/lib/vscode/out/vs/workbench/api/node/extensionHostProcess.js:72:15428)
	at v.w (/usr/local/lib/code-server-4.16.1/lib/vscode/out/vs/workbench/api/node/extensionHostProcess.js:60:1902)
	at v.fire (/usr/local/lib/code-server-4.16.1/lib/vscode/out/vs/workbench/api/node/extensionHostProcess.js:60:2119)
	at i.acceptChunk (/usr/local/lib/code-server-4.16.1/lib/vscode/out/vs/workbench/api/node/extensionHostProcess.js:72:11705)
	at i.value (/usr/local/lib/code-server-4.16.1/lib/vscode/out/vs/workbench/api/node/extensionHostProcess.js:72:10992)
	at v.w (/usr/local/lib/code-server-4.16.1/lib/vscode/out/vs/workbench/api/node/extensionHostProcess.js:60:1902)
	at v.fire (/usr/local/lib/code-server-4.16.1/lib/vscode/out/vs/workbench/api/node/extensionHostProcess.js:60:2119)
	at v.u (/usr/local/lib/code-server-4.16.1/lib/vscode/out/vs/workbench/api/node/extensionHostProcess.js:127:19064)
2024-12-04 18:17:59.946 [error] [ecmel.vscode-html-css] provider FAILED
2024-12-04 18:17:59.946 [error] undefined
2024-12-04 18:18:10.441 [error] [vscode.emmet] provider FAILED
2024-12-04 18:18:10.441 [error] TypeError: Cannot read properties of undefined (reading 'find')
	at t.$Zgc.b (/usr/local/lib/code-server-4.16.1/lib/vscode/extensions/emmet/dist/node/emmetNodeMain.js:1:129955)
	at t.$Zgc.provideCompletionItems (/usr/local/lib/code-server-4.16.1/lib/vscode/extensions/emmet/dist/node/emmetNodeMain.js:1:128584)
	at H.provideCompletionItems (/usr/local/lib/code-server-4.16.1/lib/vscode/out/vs/workbench/api/node/extensionHostProcess.js:101:50314)
	at /usr/local/lib/code-server-4.16.1/lib/vscode/out/vs/workbench/api/node/extensionHostProcess.js:101:70955
	at se.s (/usr/local/lib/code-server-4.16.1/lib/vscode/out/vs/workbench/api/node/extensionHostProcess.js:101:62837)
	at se.$provideCompletionItems (/usr/local/lib/code-server-4.16.1/lib/vscode/out/vs/workbench/api/node/extensionHostProcess.js:101:70942)
	at t.N (/usr/local/lib/code-server-4.16.1/lib/vscode/out/vs/workbench/api/node/extensionHostProcess.js:111:11199)
	at t.M (/usr/local/lib/code-server-4.16.1/lib/vscode/out/vs/workbench/api/node/extensionHostProcess.js:111:10965)
	at t.H (/usr/local/lib/code-server-4.16.1/lib/vscode/out/vs/workbench/api/node/extensionHostProcess.js:111:10007)
	at t.G (/usr/local/lib/code-server-4.16.1/lib/vscode/out/vs/workbench/api/node/extensionHostProcess.js:111:9122)
	at i.value (/usr/local/lib/code-server-4.16.1/lib/vscode/out/vs/workbench/api/node/extensionHostProcess.js:111:7952)
	at v.w (/usr/local/lib/code-server-4.16.1/lib/vscode/out/vs/workbench/api/node/extensionHostProcess.js:60:1902)
	at v.fire (/usr/local/lib/code-server-4.16.1/lib/vscode/out/vs/workbench/api/node/extensionHostProcess.js:60:2119)
	at fire (/usr/local/lib/code-server-4.16.1/lib/vscode/out/vs/workbench/api/node/extensionHostProcess.js:72:13931)
	at i.value (/usr/local/lib/code-server-4.16.1/lib/vscode/out/vs/workbench/api/node/extensionHostProcess.js:127:30923)
	at v.w (/usr/local/lib/code-server-4.16.1/lib/vscode/out/vs/workbench/api/node/extensionHostProcess.js:60:1902)
	at v.fire (/usr/local/lib/code-server-4.16.1/lib/vscode/out/vs/workbench/api/node/extensionHostProcess.js:60:2119)
	at fire (/usr/local/lib/code-server-4.16.1/lib/vscode/out/vs/workbench/api/node/extensionHostProcess.js:72:13931)
	at s.z (/usr/local/lib/code-server-4.16.1/lib/vscode/out/vs/workbench/api/node/extensionHostProcess.js:72:16976)
	at i.value (/usr/local/lib/code-server-4.16.1/lib/vscode/out/vs/workbench/api/node/extensionHostProcess.js:72:15428)
	at v.w (/usr/local/lib/code-server-4.16.1/lib/vscode/out/vs/workbench/api/node/extensionHostProcess.js:60:1902)
	at v.fire (/usr/local/lib/code-server-4.16.1/lib/vscode/out/vs/workbench/api/node/extensionHostProcess.js:60:2119)
	at i.acceptChunk (/usr/local/lib/code-server-4.16.1/lib/vscode/out/vs/workbench/api/node/extensionHostProcess.js:72:11705)
	at i.value (/usr/local/lib/code-server-4.16.1/lib/vscode/out/vs/workbench/api/node/extensionHostProcess.js:72:10992)
	at v.w (/usr/local/lib/code-server-4.16.1/lib/vscode/out/vs/workbench/api/node/extensionHostProcess.js:60:1902)
	at v.fire (/usr/local/lib/code-server-4.16.1/lib/vscode/out/vs/workbench/api/node/extensionHostProcess.js:60:2119)
	at v.u (/usr/local/lib/code-server-4.16.1/lib/vscode/out/vs/workbench/api/node/extensionHostProcess.js:127:19064)
2024-12-04 18:18:17.383 [error] [ecmel.vscode-html-css] provider FAILED
2024-12-04 18:18:17.383 [error] undefined
2024-12-04 18:18:24.527 [error] [vscode.emmet] provider FAILED
2024-12-04 18:18:24.527 [error] TypeError: Cannot read properties of undefined (reading 'find')
	at t.$Zgc.b (/usr/local/lib/code-server-4.16.1/lib/vscode/extensions/emmet/dist/node/emmetNodeMain.js:1:129955)
	at t.$Zgc.provideCompletionItems (/usr/local/lib/code-server-4.16.1/lib/vscode/extensions/emmet/dist/node/emmetNodeMain.js:1:128584)
	at H.provideCompletionItems (/usr/local/lib/code-server-4.16.1/lib/vscode/out/vs/workbench/api/node/extensionHostProcess.js:101:50314)
	at /usr/local/lib/code-server-4.16.1/lib/vscode/out/vs/workbench/api/node/extensionHostProcess.js:101:70955
	at se.s (/usr/local/lib/code-server-4.16.1/lib/vscode/out/vs/workbench/api/node/extensionHostProcess.js:101:62837)
	at se.$provideCompletionItems (/usr/local/lib/code-server-4.16.1/lib/vscode/out/vs/workbench/api/node/extensionHostProcess.js:101:70942)
	at t.N (/usr/local/lib/code-server-4.16.1/lib/vscode/out/vs/workbench/api/node/extensionHostProcess.js:111:11199)
	at t.M (/usr/local/lib/code-server-4.16.1/lib/vscode/out/vs/workbench/api/node/extensionHostProcess.js:111:10965)
	at t.H (/usr/local/lib/code-server-4.16.1/lib/vscode/out/vs/workbench/api/node/extensionHostProcess.js:111:10007)
	at t.G (/usr/local/lib/code-server-4.16.1/lib/vscode/out/vs/workbench/api/node/extensionHostProcess.js:111:9122)
	at i.value (/usr/local/lib/code-server-4.16.1/lib/vscode/out/vs/workbench/api/node/extensionHostProcess.js:111:7952)
	at v.w (/usr/local/lib/code-server-4.16.1/lib/vscode/out/vs/workbench/api/node/extensionHostProcess.js:60:1902)
	at v.fire (/usr/local/lib/code-server-4.16.1/lib/vscode/out/vs/workbench/api/node/extensionHostProcess.js:60:2119)
	at fire (/usr/local/lib/code-server-4.16.1/lib/vscode/out/vs/workbench/api/node/extensionHostProcess.js:72:13931)
	at i.value (/usr/local/lib/code-server-4.16.1/lib/vscode/out/vs/workbench/api/node/extensionHostProcess.js:127:30923)
	at v.w (/usr/local/lib/code-server-4.16.1/lib/vscode/out/vs/workbench/api/node/extensionHostProcess.js:60:1902)
	at v.fire (/usr/local/lib/code-server-4.16.1/lib/vscode/out/vs/workbench/api/node/extensionHostProcess.js:60:2119)
	at fire (/usr/local/lib/code-server-4.16.1/lib/vscode/out/vs/workbench/api/node/extensionHostProcess.js:72:13931)
	at s.z (/usr/local/lib/code-server-4.16.1/lib/vscode/out/vs/workbench/api/node/extensionHostProcess.js:72:16976)
	at i.value (/usr/local/lib/code-server-4.16.1/lib/vscode/out/vs/workbench/api/node/extensionHostProcess.js:72:15428)
	at v.w (/usr/local/lib/code-server-4.16.1/lib/vscode/out/vs/workbench/api/node/extensionHostProcess.js:60:1902)
	at v.fire (/usr/local/lib/code-server-4.16.1/lib/vscode/out/vs/workbench/api/node/extensionHostProcess.js:60:2119)
	at i.acceptChunk (/usr/local/lib/code-server-4.16.1/lib/vscode/out/vs/workbench/api/node/extensionHostProcess.js:72:11705)
	at i.value (/usr/local/lib/code-server-4.16.1/lib/vscode/out/vs/workbench/api/node/extensionHostProcess.js:72:10992)
	at v.w (/usr/local/lib/code-server-4.16.1/lib/vscode/out/vs/workbench/api/node/extensionHostProcess.js:60:1902)
	at v.fire (/usr/local/lib/code-server-4.16.1/lib/vscode/out/vs/workbench/api/node/extensionHostProcess.js:60:2119)
	at v.u (/usr/local/lib/code-server-4.16.1/lib/vscode/out/vs/workbench/api/node/extensionHostProcess.js:127:19064)
2024-12-04 18:18:38.607 [error] [vscode.emmet] provider FAILED
2024-12-04 18:18:38.607 [error] TypeError: Cannot read properties of undefined (reading 'find')
	at t.$Zgc.b (/usr/local/lib/code-server-4.16.1/lib/vscode/extensions/emmet/dist/node/emmetNodeMain.js:1:129955)
	at t.$Zgc.provideCompletionItems (/usr/local/lib/code-server-4.16.1/lib/vscode/extensions/emmet/dist/node/emmetNodeMain.js:1:128584)
	at H.provideCompletionItems (/usr/local/lib/code-server-4.16.1/lib/vscode/out/vs/workbench/api/node/extensionHostProcess.js:101:50314)
	at /usr/local/lib/code-server-4.16.1/lib/vscode/out/vs/workbench/api/node/extensionHostProcess.js:101:70955
	at se.s (/usr/local/lib/code-server-4.16.1/lib/vscode/out/vs/workbench/api/node/extensionHostProcess.js:101:62837)
	at se.$provideCompletionItems (/usr/local/lib/code-server-4.16.1/lib/vscode/out/vs/workbench/api/node/extensionHostProcess.js:101:70942)
	at t.N (/usr/local/lib/code-server-4.16.1/lib/vscode/out/vs/workbench/api/node/extensionHostProcess.js:111:11199)
	at t.M (/usr/local/lib/code-server-4.16.1/lib/vscode/out/vs/workbench/api/node/extensionHostProcess.js:111:10965)
	at t.H (/usr/local/lib/code-server-4.16.1/lib/vscode/out/vs/workbench/api/node/extensionHostProcess.js:111:10007)
	at t.G (/usr/local/lib/code-server-4.16.1/lib/vscode/out/vs/workbench/api/node/extensionHostProcess.js:111:9122)
	at i.value (/usr/local/lib/code-server-4.16.1/lib/vscode/out/vs/workbench/api/node/extensionHostProcess.js:111:7952)
	at v.w (/usr/local/lib/code-server-4.16.1/lib/vscode/out/vs/workbench/api/node/extensionHostProcess.js:60:1902)
	at v.fire (/usr/local/lib/code-server-4.16.1/lib/vscode/out/vs/workbench/api/node/extensionHostProcess.js:60:2119)
	at fire (/usr/local/lib/code-server-4.16.1/lib/vscode/out/vs/workbench/api/node/extensionHostProcess.js:72:13931)
	at i.value (/usr/local/lib/code-server-4.16.1/lib/vscode/out/vs/workbench/api/node/extensionHostProcess.js:127:30923)
	at v.w (/usr/local/lib/code-server-4.16.1/lib/vscode/out/vs/workbench/api/node/extensionHostProcess.js:60:1902)
	at v.fire (/usr/local/lib/code-server-4.16.1/lib/vscode/out/vs/workbench/api/node/extensionHostProcess.js:60:2119)
	at fire (/usr/local/lib/code-server-4.16.1/lib/vscode/out/vs/workbench/api/node/extensionHostProcess.js:72:13931)
	at s.z (/usr/local/lib/code-server-4.16.1/lib/vscode/out/vs/workbench/api/node/extensionHostProcess.js:72:16976)
	at i.value (/usr/local/lib/code-server-4.16.1/lib/vscode/out/vs/workbench/api/node/extensionHostProcess.js:72:15428)
	at v.w (/usr/local/lib/code-server-4.16.1/lib/vscode/out/vs/workbench/api/node/extensionHostProcess.js:60:1902)
	at v.fire (/usr/local/lib/code-server-4.16.1/lib/vscode/out/vs/workbench/api/node/extensionHostProcess.js:60:2119)
	at i.acceptChunk (/usr/local/lib/code-server-4.16.1/lib/vscode/out/vs/workbench/api/node/extensionHostProcess.js:72:11705)
	at i.value (/usr/local/lib/code-server-4.16.1/lib/vscode/out/vs/workbench/api/node/extensionHostProcess.js:72:10992)
	at v.w (/usr/local/lib/code-server-4.16.1/lib/vscode/out/vs/workbench/api/node/extensionHostProcess.js:60:1902)
	at v.fire (/usr/local/lib/code-server-4.16.1/lib/vscode/out/vs/workbench/api/node/extensionHostProcess.js:60:2119)
	at v.u (/usr/local/lib/code-server-4.16.1/lib/vscode/out/vs/workbench/api/node/extensionHostProcess.js:127:19064)
2024-12-04 18:18:44.257 [error] [vscode.emmet] provider FAILED
2024-12-04 18:18:44.257 [error] TypeError: Cannot read properties of undefined (reading 'find')
	at t.$Zgc.b (/usr/local/lib/code-server-4.16.1/lib/vscode/extensions/emmet/dist/node/emmetNodeMain.js:1:129955)
	at t.$Zgc.provideCompletionItems (/usr/local/lib/code-server-4.16.1/lib/vscode/extensions/emmet/dist/node/emmetNodeMain.js:1:128584)
	at H.provideCompletionItems (/usr/local/lib/code-server-4.16.1/lib/vscode/out/vs/workbench/api/node/extensionHostProcess.js:101:50314)
	at /usr/local/lib/code-server-4.16.1/lib/vscode/out/vs/workbench/api/node/extensionHostProcess.js:101:70955
	at se.s (/usr/local/lib/code-server-4.16.1/lib/vscode/out/vs/workbench/api/node/extensionHostProcess.js:101:62837)
	at se.$provideCompletionItems (/usr/local/lib/code-server-4.16.1/lib/vscode/out/vs/workbench/api/node/extensionHostProcess.js:101:70942)
	at t.N (/usr/local/lib/code-server-4.16.1/lib/vscode/out/vs/workbench/api/node/extensionHostProcess.js:111:11199)
	at t.M (/usr/local/lib/code-server-4.16.1/lib/vscode/out/vs/workbench/api/node/extensionHostProcess.js:111:10965)
	at t.H (/usr/local/lib/code-server-4.16.1/lib/vscode/out/vs/workbench/api/node/extensionHostProcess.js:111:10007)
	at t.G (/usr/local/lib/code-server-4.16.1/lib/vscode/out/vs/workbench/api/node/extensionHostProcess.js:111:9122)
	at i.value (/usr/local/lib/code-server-4.16.1/lib/vscode/out/vs/workbench/api/node/extensionHostProcess.js:111:7952)
	at v.w (/usr/local/lib/code-server-4.16.1/lib/vscode/out/vs/workbench/api/node/extensionHostProcess.js:60:1902)
	at v.fire (/usr/local/lib/code-server-4.16.1/lib/vscode/out/vs/workbench/api/node/extensionHostProcess.js:60:2119)
	at fire (/usr/local/lib/code-server-4.16.1/lib/vscode/out/vs/workbench/api/node/extensionHostProcess.js:72:13931)
	at i.value (/usr/local/lib/code-server-4.16.1/lib/vscode/out/vs/workbench/api/node/extensionHostProcess.js:127:30923)
	at v.w (/usr/local/lib/code-server-4.16.1/lib/vscode/out/vs/workbench/api/node/extensionHostProcess.js:60:1902)
	at v.fire (/usr/local/lib/code-server-4.16.1/lib/vscode/out/vs/workbench/api/node/extensionHostProcess.js:60:2119)
	at fire (/usr/local/lib/code-server-4.16.1/lib/vscode/out/vs/workbench/api/node/extensionHostProcess.js:72:13931)
	at s.z (/usr/local/lib/code-server-4.16.1/lib/vscode/out/vs/workbench/api/node/extensionHostProcess.js:72:16976)
	at i.value (/usr/local/lib/code-server-4.16.1/lib/vscode/out/vs/workbench/api/node/extensionHostProcess.js:72:15428)
	at v.w (/usr/local/lib/code-server-4.16.1/lib/vscode/out/vs/workbench/api/node/extensionHostProcess.js:60:1902)
	at v.fire (/usr/local/lib/code-server-4.16.1/lib/vscode/out/vs/workbench/api/node/extensionHostProcess.js:60:2119)
	at i.acceptChunk (/usr/local/lib/code-server-4.16.1/lib/vscode/out/vs/workbench/api/node/extensionHostProcess.js:72:11705)
	at i.value (/usr/local/lib/code-server-4.16.1/lib/vscode/out/vs/workbench/api/node/extensionHostProcess.js:72:10992)
	at v.w (/usr/local/lib/code-server-4.16.1/lib/vscode/out/vs/workbench/api/node/extensionHostProcess.js:60:1902)
	at v.fire (/usr/local/lib/code-server-4.16.1/lib/vscode/out/vs/workbench/api/node/extensionHostProcess.js:60:2119)
	at v.u (/usr/local/lib/code-server-4.16.1/lib/vscode/out/vs/workbench/api/node/extensionHostProcess.js:127:19064)
2024-12-04 18:18:53.533 [error] [vscode.emmet] provider FAILED
2024-12-04 18:18:53.533 [error] TypeError: Cannot read properties of undefined (reading 'find')
	at t.$Zgc.b (/usr/local/lib/code-server-4.16.1/lib/vscode/extensions/emmet/dist/node/emmetNodeMain.js:1:129955)
	at t.$Zgc.provideCompletionItems (/usr/local/lib/code-server-4.16.1/lib/vscode/extensions/emmet/dist/node/emmetNodeMain.js:1:128584)
	at H.provideCompletionItems (/usr/local/lib/code-server-4.16.1/lib/vscode/out/vs/workbench/api/node/extensionHostProcess.js:101:50314)
	at /usr/local/lib/code-server-4.16.1/lib/vscode/out/vs/workbench/api/node/extensionHostProcess.js:101:70955
	at se.s (/usr/local/lib/code-server-4.16.1/lib/vscode/out/vs/workbench/api/node/extensionHostProcess.js:101:62837)
	at se.$provideCompletionItems (/usr/local/lib/code-server-4.16.1/lib/vscode/out/vs/workbench/api/node/extensionHostProcess.js:101:70942)
	at t.N (/usr/local/lib/code-server-4.16.1/lib/vscode/out/vs/workbench/api/node/extensionHostProcess.js:111:11199)
	at t.M (/usr/local/lib/code-server-4.16.1/lib/vscode/out/vs/workbench/api/node/extensionHostProcess.js:111:10965)
	at t.H (/usr/local/lib/code-server-4.16.1/lib/vscode/out/vs/workbench/api/node/extensionHostProcess.js:111:10007)
	at t.G (/usr/local/lib/code-server-4.16.1/lib/vscode/out/vs/workbench/api/node/extensionHostProcess.js:111:9122)
	at i.value (/usr/local/lib/code-server-4.16.1/lib/vscode/out/vs/workbench/api/node/extensionHostProcess.js:111:7952)
	at v.w (/usr/local/lib/code-server-4.16.1/lib/vscode/out/vs/workbench/api/node/extensionHostProcess.js:60:1902)
	at v.fire (/usr/local/lib/code-server-4.16.1/lib/vscode/out/vs/workbench/api/node/extensionHostProcess.js:60:2119)
	at fire (/usr/local/lib/code-server-4.16.1/lib/vscode/out/vs/workbench/api/node/extensionHostProcess.js:72:13931)
	at i.value (/usr/local/lib/code-server-4.16.1/lib/vscode/out/vs/workbench/api/node/extensionHostProcess.js:127:30923)
	at v.w (/usr/local/lib/code-server-4.16.1/lib/vscode/out/vs/workbench/api/node/extensionHostProcess.js:60:1902)
	at v.fire (/usr/local/lib/code-server-4.16.1/lib/vscode/out/vs/workbench/api/node/extensionHostProcess.js:60:2119)
	at fire (/usr/local/lib/code-server-4.16.1/lib/vscode/out/vs/workbench/api/node/extensionHostProcess.js:72:13931)
	at s.z (/usr/local/lib/code-server-4.16.1/lib/vscode/out/vs/workbench/api/node/extensionHostProcess.js:72:16976)
	at i.value (/usr/local/lib/code-server-4.16.1/lib/vscode/out/vs/workbench/api/node/extensionHostProcess.js:72:15428)
	at v.w (/usr/local/lib/code-server-4.16.1/lib/vscode/out/vs/workbench/api/node/extensionHostProcess.js:60:1902)
	at v.fire (/usr/local/lib/code-server-4.16.1/lib/vscode/out/vs/workbench/api/node/extensionHostProcess.js:60:2119)
	at i.acceptChunk (/usr/local/lib/code-server-4.16.1/lib/vscode/out/vs/workbench/api/node/extensionHostProcess.js:72:11705)
	at i.value (/usr/local/lib/code-server-4.16.1/lib/vscode/out/vs/workbench/api/node/extensionHostProcess.js:72:10992)
	at v.w (/usr/local/lib/code-server-4.16.1/lib/vscode/out/vs/workbench/api/node/extensionHostProcess.js:60:1902)
	at v.fire (/usr/local/lib/code-server-4.16.1/lib/vscode/out/vs/workbench/api/node/extensionHostProcess.js:60:2119)
	at v.u (/usr/local/lib/code-server-4.16.1/lib/vscode/out/vs/workbench/api/node/extensionHostProcess.js:127:19064)
2024-12-04 18:18:58.206 [error] [ecmel.vscode-html-css] provider FAILED
2024-12-04 18:18:58.206 [error] undefined
2024-12-04 18:19:03.716 [error] [vscode.emmet] provider FAILED
2024-12-04 18:19:03.717 [error] TypeError: Cannot read properties of undefined (reading 'find')
	at t.$Zgc.b (/usr/local/lib/code-server-4.16.1/lib/vscode/extensions/emmet/dist/node/emmetNodeMain.js:1:129955)
	at t.$Zgc.provideCompletionItems (/usr/local/lib/code-server-4.16.1/lib/vscode/extensions/emmet/dist/node/emmetNodeMain.js:1:128584)
	at H.provideCompletionItems (/usr/local/lib/code-server-4.16.1/lib/vscode/out/vs/workbench/api/node/extensionHostProcess.js:101:50314)
	at /usr/local/lib/code-server-4.16.1/lib/vscode/out/vs/workbench/api/node/extensionHostProcess.js:101:70955
	at se.s (/usr/local/lib/code-server-4.16.1/lib/vscode/out/vs/workbench/api/node/extensionHostProcess.js:101:62837)
	at se.$provideCompletionItems (/usr/local/lib/code-server-4.16.1/lib/vscode/out/vs/workbench/api/node/extensionHostProcess.js:101:70942)
	at t.N (/usr/local/lib/code-server-4.16.1/lib/vscode/out/vs/workbench/api/node/extensionHostProcess.js:111:11199)
	at t.M (/usr/local/lib/code-server-4.16.1/lib/vscode/out/vs/workbench/api/node/extensionHostProcess.js:111:10965)
	at t.H (/usr/local/lib/code-server-4.16.1/lib/vscode/out/vs/workbench/api/node/extensionHostProcess.js:111:10007)
	at t.G (/usr/local/lib/code-server-4.16.1/lib/vscode/out/vs/workbench/api/node/extensionHostProcess.js:111:9122)
	at i.value (/usr/local/lib/code-server-4.16.1/lib/vscode/out/vs/workbench/api/node/extensionHostProcess.js:111:7952)
	at v.w (/usr/local/lib/code-server-4.16.1/lib/vscode/out/vs/workbench/api/node/extensionHostProcess.js:60:1902)
	at v.fire (/usr/local/lib/code-server-4.16.1/lib/vscode/out/vs/workbench/api/node/extensionHostProcess.js:60:2119)
	at fire (/usr/local/lib/code-server-4.16.1/lib/vscode/out/vs/workbench/api/node/extensionHostProcess.js:72:13931)
	at i.value (/usr/local/lib/code-server-4.16.1/lib/vscode/out/vs/workbench/api/node/extensionHostProcess.js:127:30923)
	at v.w (/usr/local/lib/code-server-4.16.1/lib/vscode/out/vs/workbench/api/node/extensionHostProcess.js:60:1902)
	at v.fire (/usr/local/lib/code-server-4.16.1/lib/vscode/out/vs/workbench/api/node/extensionHostProcess.js:60:2119)
	at fire (/usr/local/lib/code-server-4.16.1/lib/vscode/out/vs/workbench/api/node/extensionHostProcess.js:72:13931)
	at s.z (/usr/local/lib/code-server-4.16.1/lib/vscode/out/vs/workbench/api/node/extensionHostProcess.js:72:16976)
	at i.value (/usr/local/lib/code-server-4.16.1/lib/vscode/out/vs/workbench/api/node/extensionHostProcess.js:72:15428)
	at v.w (/usr/local/lib/code-server-4.16.1/lib/vscode/out/vs/workbench/api/node/extensionHostProcess.js:60:1902)
	at v.fire (/usr/local/lib/code-server-4.16.1/lib/vscode/out/vs/workbench/api/node/extensionHostProcess.js:60:2119)
	at i.acceptChunk (/usr/local/lib/code-server-4.16.1/lib/vscode/out/vs/workbench/api/node/extensionHostProcess.js:72:11705)
	at i.value (/usr/local/lib/code-server-4.16.1/lib/vscode/out/vs/workbench/api/node/extensionHostProcess.js:72:10992)
	at v.w (/usr/local/lib/code-server-4.16.1/lib/vscode/out/vs/workbench/api/node/extensionHostProcess.js:60:1902)
	at v.fire (/usr/local/lib/code-server-4.16.1/lib/vscode/out/vs/workbench/api/node/extensionHostProcess.js:60:2119)
	at v.u (/usr/local/lib/code-server-4.16.1/lib/vscode/out/vs/workbench/api/node/extensionHostProcess.js:127:19064)
2024-12-04 18:19:27.135 [error] [vscode.emmet] provider FAILED
2024-12-04 18:19:27.135 [error] TypeError: Cannot read properties of undefined (reading 'find')
	at t.$Zgc.b (/usr/local/lib/code-server-4.16.1/lib/vscode/extensions/emmet/dist/node/emmetNodeMain.js:1:129955)
	at t.$Zgc.provideCompletionItems (/usr/local/lib/code-server-4.16.1/lib/vscode/extensions/emmet/dist/node/emmetNodeMain.js:1:128584)
	at H.provideCompletionItems (/usr/local/lib/code-server-4.16.1/lib/vscode/out/vs/workbench/api/node/extensionHostProcess.js:101:50314)
	at /usr/local/lib/code-server-4.16.1/lib/vscode/out/vs/workbench/api/node/extensionHostProcess.js:101:70955
	at se.s (/usr/local/lib/code-server-4.16.1/lib/vscode/out/vs/workbench/api/node/extensionHostProcess.js:101:62837)
	at se.$provideCompletionItems (/usr/local/lib/code-server-4.16.1/lib/vscode/out/vs/workbench/api/node/extensionHostProcess.js:101:70942)
	at t.N (/usr/local/lib/code-server-4.16.1/lib/vscode/out/vs/workbench/api/node/extensionHostProcess.js:111:11199)
	at t.M (/usr/local/lib/code-server-4.16.1/lib/vscode/out/vs/workbench/api/node/extensionHostProcess.js:111:10965)
	at t.H (/usr/local/lib/code-server-4.16.1/lib/vscode/out/vs/workbench/api/node/extensionHostProcess.js:111:10007)
	at t.G (/usr/local/lib/code-server-4.16.1/lib/vscode/out/vs/workbench/api/node/extensionHostProcess.js:111:9122)
	at i.value (/usr/local/lib/code-server-4.16.1/lib/vscode/out/vs/workbench/api/node/extensionHostProcess.js:111:7952)
	at v.w (/usr/local/lib/code-server-4.16.1/lib/vscode/out/vs/workbench/api/node/extensionHostProcess.js:60:1902)
	at v.fire (/usr/local/lib/code-server-4.16.1/lib/vscode/out/vs/workbench/api/node/extensionHostProcess.js:60:2119)
	at fire (/usr/local/lib/code-server-4.16.1/lib/vscode/out/vs/workbench/api/node/extensionHostProcess.js:72:13931)
	at i.value (/usr/local/lib/code-server-4.16.1/lib/vscode/out/vs/workbench/api/node/extensionHostProcess.js:127:30923)
	at v.w (/usr/local/lib/code-server-4.16.1/lib/vscode/out/vs/workbench/api/node/extensionHostProcess.js:60:1902)
	at v.fire (/usr/local/lib/code-server-4.16.1/lib/vscode/out/vs/workbench/api/node/extensionHostProcess.js:60:2119)
	at fire (/usr/local/lib/code-server-4.16.1/lib/vscode/out/vs/workbench/api/node/extensionHostProcess.js:72:13931)
	at s.z (/usr/local/lib/code-server-4.16.1/lib/vscode/out/vs/workbench/api/node/extensionHostProcess.js:72:16976)
	at i.value (/usr/local/lib/code-server-4.16.1/lib/vscode/out/vs/workbench/api/node/extensionHostProcess.js:72:15428)
	at v.w (/usr/local/lib/code-server-4.16.1/lib/vscode/out/vs/workbench/api/node/extensionHostProcess.js:60:1902)
	at v.fire (/usr/local/lib/code-server-4.16.1/lib/vscode/out/vs/workbench/api/node/extensionHostProcess.js:60:2119)
	at i.acceptChunk (/usr/local/lib/code-server-4.16.1/lib/vscode/out/vs/workbench/api/node/extensionHostProcess.js:72:11705)
	at i.value (/usr/local/lib/code-server-4.16.1/lib/vscode/out/vs/workbench/api/node/extensionHostProcess.js:72:10992)
	at v.w (/usr/local/lib/code-server-4.16.1/lib/vscode/out/vs/workbench/api/node/extensionHostProcess.js:60:1902)
	at v.fire (/usr/local/lib/code-server-4.16.1/lib/vscode/out/vs/workbench/api/node/extensionHostProcess.js:60:2119)
	at v.u (/usr/local/lib/code-server-4.16.1/lib/vscode/out/vs/workbench/api/node/extensionHostProcess.js:127:19064)
2024-12-04 18:49:21.611 [info] ExtensionService#_doActivateExtension ms-python.python, startup: false, activationEvent: 'onLanguage:python'
2024-12-04 18:49:21.612 [info] ExtensionService#_doActivateExtension ms-toolsai.jupyter, startup: false, activationEvent: 'onLanguage:python'
2024-12-04 18:49:22.508 [info] ExtensionService#_doActivateExtension ms-toolsai.jupyter-renderers, startup: false, activationEvent: 'api', root cause: ms-toolsai.jupyter
2024-12-04 19:00:59.848 [info] ExtensionService#_doActivateExtension vscode.simple-browser, startup: false, activationEvent: 'onOpenExternalUri:https'
2024-12-04 19:01:57.612 [info] Extension host terminating: received terminate message from renderer
2024-12-04 19:01:57.612 [info] Lock '/voc/work/.local/share/code-server/User/workspaceStorage/581eb7fa/vscode.lock': Marking the lockfile as scheduled to be released in 6000 ms.
2024-12-04 19:01:57.644 [info] Extension host with pid 91 exiting with code 0
