2024-12-04 09:00:32.466 [info] Log level: Info
2024-12-04 09:00:32.466 [info] Validating found git in: "git"
2024-12-04 09:00:32.466 [info] Using git "2.25.1" from "git"
2024-12-04 09:00:32.466 [info] > git rev-parse --show-toplevel [3ms]
2024-12-04 09:00:32.466 [info] fatal: not a git repository (or any of the parent directories): .git
2024-12-04 09:00:32.466 [info] > git rev-parse --show-toplevel [11ms]
2024-12-04 09:00:32.466 [info] fatal: not a git repository (or any parent up to mount point /voc)
Stopping at filesystem boundary (GIT_DISCOVERY_ACROSS_FILESYSTEM not set).
2024-12-04 09:00:32.466 [info] > git rev-parse --show-toplevel [2ms]
2024-12-04 09:00:32.466 [info] fatal: not a git repository (or any of the parent directories): .git
2024-12-04 09:00:32.466 [info] > git rev-parse --show-toplevel [2ms]
2024-12-04 09:00:32.466 [info] fatal: not a git repository (or any parent up to mount point /voc)
Stopping at filesystem boundary (GIT_DISCOVERY_ACROSS_FILESYSTEM not set).
2024-12-04 09:00:32.466 [info] > git rev-parse --show-toplevel [2ms]
2024-12-04 09:00:32.466 [info] fatal: not a git repository (or any parent up to mount point /voc)
Stopping at filesystem boundary (GIT_DISCOVERY_ACROSS_FILESYSTEM not set).
2024-12-04 09:00:32.466 [info] > git rev-parse --show-toplevel [2ms]
2024-12-04 09:00:32.466 [info] fatal: not a git repository (or any parent up to mount point /voc)
Stopping at filesystem boundary (GIT_DISCOVERY_ACROSS_FILESYSTEM not set).
2024-12-04 09:00:32.466 [info] > git rev-parse --show-toplevel [2ms]
2024-12-04 09:00:32.466 [info] fatal: not a git repository (or any parent up to mount point /voc)
Stopping at filesystem boundary (GIT_DISCOVERY_ACROSS_FILESYSTEM not set).
2024-12-04 09:00:38.959 [info] > git rev-parse --show-toplevel [26ms]
2024-12-04 09:00:38.959 [info] fatal: not a git repository (or any parent up to mount point /voc)
Stopping at filesystem boundary (GIT_DISCOVERY_ACROSS_FILESYSTEM not set).
2024-12-04 09:00:43.026 [info] > git rev-parse --show-toplevel [2ms]
2024-12-04 09:00:43.026 [info] fatal: not a git repository (or any parent up to mount point /voc)
Stopping at filesystem boundary (GIT_DISCOVERY_ACROSS_FILESYSTEM not set).
2024-12-04 09:00:52.343 [info] > git rev-parse --show-toplevel [7ms]
2024-12-04 09:00:52.344 [info] fatal: not a git repository (or any parent up to mount point /voc)
Stopping at filesystem boundary (GIT_DISCOVERY_ACROSS_FILESYSTEM not set).
2024-12-04 09:00:59.021 [info] > git rev-parse --show-toplevel [2ms]
2024-12-04 09:00:59.021 [info] fatal: not a git repository (or any parent up to mount point /voc)
Stopping at filesystem boundary (GIT_DISCOVERY_ACROSS_FILESYSTEM not set).
