2024-12-04 09:51:33.436 [info] Log level: Info
2024-12-04 09:51:33.436 [info] Validating found git in: "git"
2024-12-04 09:51:33.436 [info] Using git "2.25.1" from "git"
2024-12-04 09:51:33.436 [info] > git rev-parse --show-toplevel [4ms]
2024-12-04 09:51:33.436 [info] fatal: not a git repository (or any of the parent directories): .git
2024-12-04 09:51:33.439 [info] > git rev-parse --show-toplevel [2ms]
2024-12-04 09:51:33.439 [info] fatal: not a git repository (or any of the parent directories): .git
2024-12-04 09:51:33.439 [info] > git rev-parse --show-toplevel [4ms]
2024-12-04 09:51:33.439 [info] fatal: not a git repository (or any parent up to mount point /voc)
Stopping at filesystem boundary (GIT_DISCOVERY_ACROSS_FILESYSTEM not set).
2024-12-04 09:51:33.439 [info] > git rev-parse --show-toplevel [1ms]
2024-12-04 09:51:33.439 [info] fatal: not a git repository (or any parent up to mount point /voc)
Stopping at filesystem boundary (GIT_DISCOVERY_ACROSS_FILESYSTEM not set).
2024-12-04 09:51:33.439 [info] > git rev-parse --show-toplevel [2ms]
2024-12-04 09:51:33.439 [info] fatal: not a git repository (or any parent up to mount point /voc)
Stopping at filesystem boundary (GIT_DISCOVERY_ACROSS_FILESYSTEM not set).
2024-12-04 09:51:33.439 [info] > git rev-parse --show-toplevel [1ms]
2024-12-04 09:51:33.439 [info] fatal: not a git repository (or any parent up to mount point /voc)
Stopping at filesystem boundary (GIT_DISCOVERY_ACROSS_FILESYSTEM not set).
2024-12-04 09:51:34.259 [info] > git rev-parse --show-toplevel [2ms]
2024-12-04 09:51:34.259 [info] fatal: not a git repository (or any of the parent directories): .git
