2024-12-04 09:02:51.611 [info] Log level: Info
2024-12-04 09:02:51.611 [info] Validating found git in: "git"
2024-12-04 09:02:51.611 [info] Using git "2.25.1" from "git"
2024-12-04 09:02:51.611 [info] > git rev-parse --show-toplevel [449ms]
2024-12-04 09:02:51.611 [info] fatal: not a git repository (or any of the parent directories): .git
2024-12-04 09:02:51.611 [info] > git rev-parse --show-toplevel [2ms]
2024-12-04 09:02:51.611 [info] fatal: not a git repository (or any of the parent directories): .git
2024-12-04 09:02:51.611 [info] > git rev-parse --show-toplevel [2ms]
2024-12-04 09:02:51.611 [info] fatal: not a git repository (or any parent up to mount point /voc)
Stopping at filesystem boundary (GIT_DISCOVERY_ACROSS_FILESYSTEM not set).
2024-12-04 09:02:51.611 [info] > git rev-parse --show-toplevel [2ms]
2024-12-04 09:02:51.611 [info] fatal: not a git repository (or any parent up to mount point /voc)
Stopping at filesystem boundary (GIT_DISCOVERY_ACROSS_FILESYSTEM not set).
2024-12-04 09:02:51.611 [info] > git rev-parse --show-toplevel [15ms]
2024-12-04 09:02:51.611 [info] fatal: not a git repository (or any parent up to mount point /voc)
Stopping at filesystem boundary (GIT_DISCOVERY_ACROSS_FILESYSTEM not set).
2024-12-04 09:02:51.612 [info] > git rev-parse --show-toplevel [9ms]
2024-12-04 09:02:51.612 [info] fatal: not a git repository (or any parent up to mount point /voc)
Stopping at filesystem boundary (GIT_DISCOVERY_ACROSS_FILESYSTEM not set).
2024-12-04 09:05:52.584 [info] > git rev-parse --show-toplevel [336ms]
2024-12-04 09:05:52.585 [info] fatal: not a git repository (or any parent up to mount point /voc)
Stopping at filesystem boundary (GIT_DISCOVERY_ACROSS_FILESYSTEM not set).
2024-12-04 09:05:59.534 [info] > git rev-parse --show-toplevel [2ms]
2024-12-04 09:05:59.535 [info] fatal: not a git repository (or any parent up to mount point /voc)
Stopping at filesystem boundary (GIT_DISCOVERY_ACROSS_FILESYSTEM not set).
2024-12-04 09:06:54.470 [info] > git rev-parse --show-toplevel [55ms]
2024-12-04 09:06:54.471 [info] fatal: not a git repository (or any parent up to mount point /voc)
Stopping at filesystem boundary (GIT_DISCOVERY_ACROSS_FILESYSTEM not set).
2024-12-04 09:07:02.372 [info] > git rev-parse --show-toplevel [3ms]
2024-12-04 09:07:02.372 [info] fatal: not a git repository (or any parent up to mount point /voc)
Stopping at filesystem boundary (GIT_DISCOVERY_ACROSS_FILESYSTEM not set).
2024-12-04 09:08:42.086 [info] > git rev-parse --show-toplevel [2ms]
2024-12-04 09:08:42.087 [info] fatal: not a git repository (or any parent up to mount point /voc)
Stopping at filesystem boundary (GIT_DISCOVERY_ACROSS_FILESYSTEM not set).
